<?xml version="1.0" encoding="utf-8"?><testsuite errors="0" failures="25" name="pytest" skips="0" tests="183" time="0.996"><testcase classname="test_submit" file="test_submit.py" line="8" name="test_826" time="0.0009253025054931641"></testcase><testcase classname="test_submit" file="test_submit.py" line="12" name="test_1376" time="0.0006945133209228516"></testcase><testcase classname="test_submit" file="test_submit.py" line="16" name="test_1565" time="0.0010025501251220703"></testcase><testcase classname="test_submit" file="test_submit.py" line="24" name="test_2725" time="0.0009713172912597656"></testcase><testcase classname="test_submit" file="test_submit.py" line="28" name="test_2655" time="0.0010318756103515625"></testcase><testcase classname="test_submit" file="test_submit.py" line="32" name="test_2500" time="0.0009694099426269531"></testcase><testcase classname="test_submit" file="test_submit.py" line="40" name="test_1763" time="0.00484156608581543"><failure message="assert None
 +  where None = &lt;built-in method get of dict object at 0x7f7621976b40&gt;(&apos;settings&apos;)
 +    where &lt;built-in method get of dict object at 0x7f7621976b40&gt; = {&apos;describedBy&apos;: {&apos;headers&apos;: {&apos;Authorization&apos;: {&apos;description&apos;: &apos;Token valido&apos;, &apos;type&apos;: &apos;string&apos;}}, &apos;queryParameters&apos;: {... &apos;implicit&apos;], &apos;authorizationUri&apos;: &apos;https://www.user.com/JWT/authorize&apos;}}, &apos;description&apos;: &apos;API Requests&apos;, &apos;type&apos;: &apos;JWT&apos;}.get
 +      where {&apos;describedBy&apos;: {&apos;headers&apos;: {&apos;Authorization&apos;: {&apos;description&apos;: &apos;Token valido&apos;, &apos;type&apos;: &apos;string&apos;}}, &apos;queryParameters&apos;: {... &apos;implicit&apos;], &apos;authorizationUri&apos;: &apos;https://www.user.com/JWT/authorize&apos;}}, &apos;description&apos;: &apos;API Requests&apos;, &apos;type&apos;: &apos;JWT&apos;} = &lt;built-in method get of dict object at 0x7f7621979640&gt;(&apos;JWT&apos;)
 +        where &lt;built-in method get of dict object at 0x7f7621979640&gt; = {&apos;JWT&apos;: {&apos;describedBy&apos;: {&apos;headers&apos;: {&apos;Authorization&apos;: {&apos;description&apos;: &apos;Token valido&apos;, &apos;type&apos;: &apos;string&apos;}}, &apos;queryParame...&apos;implicit&apos;], &apos;authorizationUri&apos;: &apos;https://www.user.com/JWT/authorize&apos;}}, &apos;description&apos;: &apos;API Requests&apos;, &apos;type&apos;: &apos;JWT&apos;}}.get
 +          where {&apos;JWT&apos;: {&apos;describedBy&apos;: {&apos;headers&apos;: {&apos;Authorization&apos;: {&apos;description&apos;: &apos;Token valido&apos;, &apos;type&apos;: &apos;string&apos;}}, &apos;queryParame...&apos;implicit&apos;], &apos;authorizationUri&apos;: &apos;https://www.user.com/JWT/authorize&apos;}}, &apos;description&apos;: &apos;API Requests&apos;, &apos;type&apos;: &apos;JWT&apos;}} = &lt;built-in method get of dict object at 0x7f76225e75f0&gt;(&apos;securitySchemes&apos;)
 +            where &lt;built-in method get of dict object at 0x7f76225e75f0&gt; = {&apos;/agents&apos;: {&apos;/{id}&apos;: {&apos;delete&apos;: {&apos;description&apos;: &apos;Deleta um Agent&apos;, &apos;responses&apos;: {200: {&apos;body&apos;: {...}}, 401: {&apos;body&apos;: ...sage&quot;: &quot;Gravado&quot;}\n&apos;}}, 401: {&apos;body&apos;: {&apos;application/json&apos;: &apos;{&quot;error&quot;: &quot;Unauthorized&quot;}\n&apos;}}}, &apos;securedBy&apos;: &apos;JWT&apos;}}, ...}.get">E   assert None
     +  where None = &lt;built-in method get of dict object at 0x7f7621976b40&gt;(&apos;settings&apos;)
     +    where &lt;built-in method get of dict object at 0x7f7621976b40&gt; = {&apos;describedBy&apos;: {&apos;headers&apos;: {&apos;Authorization&apos;: {&apos;description&apos;: &apos;Token valido&apos;, &apos;type&apos;: &apos;string&apos;}}, &apos;queryParameters&apos;: {... &apos;implicit&apos;], &apos;authorizationUri&apos;: &apos;https://www.user.com/JWT/authorize&apos;}}, &apos;description&apos;: &apos;API Requests&apos;, &apos;type&apos;: &apos;JWT&apos;}.get
     +      where {&apos;describedBy&apos;: {&apos;headers&apos;: {&apos;Authorization&apos;: {&apos;description&apos;: &apos;Token valido&apos;, &apos;type&apos;: &apos;string&apos;}}, &apos;queryParameters&apos;: {... &apos;implicit&apos;], &apos;authorizationUri&apos;: &apos;https://www.user.com/JWT/authorize&apos;}}, &apos;description&apos;: &apos;API Requests&apos;, &apos;type&apos;: &apos;JWT&apos;} = &lt;built-in method get of dict object at 0x7f7621979640&gt;(&apos;JWT&apos;)
     +        where &lt;built-in method get of dict object at 0x7f7621979640&gt; = {&apos;JWT&apos;: {&apos;describedBy&apos;: {&apos;headers&apos;: {&apos;Authorization&apos;: {&apos;description&apos;: &apos;Token valido&apos;, &apos;type&apos;: &apos;string&apos;}}, &apos;queryParame...&apos;implicit&apos;], &apos;authorizationUri&apos;: &apos;https://www.user.com/JWT/authorize&apos;}}, &apos;description&apos;: &apos;API Requests&apos;, &apos;type&apos;: &apos;JWT&apos;}}.get
     +          where {&apos;JWT&apos;: {&apos;describedBy&apos;: {&apos;headers&apos;: {&apos;Authorization&apos;: {&apos;description&apos;: &apos;Token valido&apos;, &apos;type&apos;: &apos;string&apos;}}, &apos;queryParame...&apos;implicit&apos;], &apos;authorizationUri&apos;: &apos;https://www.user.com/JWT/authorize&apos;}}, &apos;description&apos;: &apos;API Requests&apos;, &apos;type&apos;: &apos;JWT&apos;}} = &lt;built-in method get of dict object at 0x7f76225e75f0&gt;(&apos;securitySchemes&apos;)
     +            where &lt;built-in method get of dict object at 0x7f76225e75f0&gt; = {&apos;/agents&apos;: {&apos;/{id}&apos;: {&apos;delete&apos;: {&apos;description&apos;: &apos;Deleta um Agent&apos;, &apos;responses&apos;: {200: {&apos;body&apos;: {...}}, 401: {&apos;body&apos;: ...sage&quot;: &quot;Gravado&quot;}\n&apos;}}, 401: {&apos;body&apos;: {&apos;application/json&apos;: &apos;{&quot;error&quot;: &quot;Unauthorized&quot;}\n&apos;}}}, &apos;securedBy&apos;: &apos;JWT&apos;}}, ...}.get</failure></testcase><testcase classname="test_submit" file="test_submit.py" line="44" name="test_168" time="0.0007481575012207031"></testcase><testcase classname="test_submit" file="test_submit.py" line="56" name="test_1304" time="0.0006926059722900391"></testcase><testcase classname="test_submit" file="test_submit.py" line="60" name="test_2600" time="0.0006539821624755859"></testcase><testcase classname="test_submit" file="test_submit.py" line="64" name="test_296" time="0.0008854866027832031"></testcase><testcase classname="test_submit" file="test_submit.py" line="68" name="test_1466" time="0.0007054805755615234"></testcase><testcase classname="test_submit" file="test_submit.py" line="72" name="test_1076" time="0.0005197525024414062"></testcase><testcase classname="test_submit" file="test_submit.py" line="76" name="test_1271" time="0.0007371902465820312"></testcase><testcase classname="test_submit" file="test_submit.py" line="96" name="test_2785" time="0.0006887912750244141"></testcase><testcase classname="test_submit" file="test_submit.py" line="104" name="test_2895" time="0.00095367431640625"></testcase><testcase classname="test_submit" file="test_submit.py" line="108" name="test_1394" time="0.0020728111267089844"><failure message="assert None
 +  where None = &lt;built-in method get of dict object at 0x7f76219776e0&gt;(&apos;example&apos;)
 +    where &lt;built-in method get of dict object at 0x7f76219776e0&gt; = {&apos;discriminator&apos;: &apos;agent_id&apos;, &apos;properties&apos;: {&apos;address&apos;: {&apos;maxLenght&apos;: 39, &apos;type&apos;: &apos;string&apos;}, &apos;agent_id&apos;: &apos;integer&apos;, &apos;environment&apos;: {&apos;maxLenght&apos;: 20, &apos;type&apos;: &apos;string&apos;}, &apos;name&apos;: {&apos;maxLenght&apos;: 50, &apos;type&apos;: &apos;string&apos;}, ...}, &apos;type&apos;: &apos;object&apos;}.get
 +      where {&apos;discriminator&apos;: &apos;agent_id&apos;, &apos;properties&apos;: {&apos;address&apos;: {&apos;maxLenght&apos;: 39, &apos;type&apos;: &apos;string&apos;}, &apos;agent_id&apos;: &apos;integer&apos;, &apos;environment&apos;: {&apos;maxLenght&apos;: 20, &apos;type&apos;: &apos;string&apos;}, &apos;name&apos;: {&apos;maxLenght&apos;: 50, &apos;type&apos;: &apos;string&apos;}, ...}, &apos;type&apos;: &apos;object&apos;} = &lt;built-in method get of dict object at 0x7f76222bf4b0&gt;(&apos;Agent&apos;)
 +        where &lt;built-in method get of dict object at 0x7f76222bf4b0&gt; = {&apos;Agent&apos;: {&apos;discriminator&apos;: &apos;agent_id&apos;, &apos;properties&apos;: {&apos;address&apos;: {&apos;maxLenght&apos;: 39, &apos;type&apos;: &apos;string&apos;}, &apos;agent_id&apos;: &apos;in...&apos;group_id&apos;, &apos;properties&apos;: {&apos;group_id&apos;: &apos;integer&apos;, &apos;name&apos;: {&apos;maxLenght&apos;: 20, &apos;type&apos;: &apos;string&apos;}}, &apos;type&apos;: &apos;object&apos;}, ...}.get
 +          where {&apos;Agent&apos;: {&apos;discriminator&apos;: &apos;agent_id&apos;, &apos;properties&apos;: {&apos;address&apos;: {&apos;maxLenght&apos;: 39, &apos;type&apos;: &apos;string&apos;}, &apos;agent_id&apos;: &apos;in...&apos;group_id&apos;, &apos;properties&apos;: {&apos;group_id&apos;: &apos;integer&apos;, &apos;name&apos;: {&apos;maxLenght&apos;: 20, &apos;type&apos;: &apos;string&apos;}}, &apos;type&apos;: &apos;object&apos;}, ...} = &lt;built-in method get of dict object at 0x7f76225e75f0&gt;(&apos;types&apos;)
 +            where &lt;built-in method get of dict object at 0x7f76225e75f0&gt; = {&apos;/agents&apos;: {&apos;/{id}&apos;: {&apos;delete&apos;: {&apos;description&apos;: &apos;Deleta um Agent&apos;, &apos;responses&apos;: {200: {&apos;body&apos;: {...}}, 401: {&apos;body&apos;: ...sage&quot;: &quot;Gravado&quot;}\n&apos;}}, 401: {&apos;body&apos;: {&apos;application/json&apos;: &apos;{&quot;error&quot;: &quot;Unauthorized&quot;}\n&apos;}}}, &apos;securedBy&apos;: &apos;JWT&apos;}}, ...}.get">E   assert None
     +  where None = &lt;built-in method get of dict object at 0x7f76219776e0&gt;(&apos;example&apos;)
     +    where &lt;built-in method get of dict object at 0x7f76219776e0&gt; = {&apos;discriminator&apos;: &apos;agent_id&apos;, &apos;properties&apos;: {&apos;address&apos;: {&apos;maxLenght&apos;: 39, &apos;type&apos;: &apos;string&apos;}, &apos;agent_id&apos;: &apos;integer&apos;, &apos;environment&apos;: {&apos;maxLenght&apos;: 20, &apos;type&apos;: &apos;string&apos;}, &apos;name&apos;: {&apos;maxLenght&apos;: 50, &apos;type&apos;: &apos;string&apos;}, ...}, &apos;type&apos;: &apos;object&apos;}.get
     +      where {&apos;discriminator&apos;: &apos;agent_id&apos;, &apos;properties&apos;: {&apos;address&apos;: {&apos;maxLenght&apos;: 39, &apos;type&apos;: &apos;string&apos;}, &apos;agent_id&apos;: &apos;integer&apos;, &apos;environment&apos;: {&apos;maxLenght&apos;: 20, &apos;type&apos;: &apos;string&apos;}, &apos;name&apos;: {&apos;maxLenght&apos;: 50, &apos;type&apos;: &apos;string&apos;}, ...}, &apos;type&apos;: &apos;object&apos;} = &lt;built-in method get of dict object at 0x7f76222bf4b0&gt;(&apos;Agent&apos;)
     +        where &lt;built-in method get of dict object at 0x7f76222bf4b0&gt; = {&apos;Agent&apos;: {&apos;discriminator&apos;: &apos;agent_id&apos;, &apos;properties&apos;: {&apos;address&apos;: {&apos;maxLenght&apos;: 39, &apos;type&apos;: &apos;string&apos;}, &apos;agent_id&apos;: &apos;in...&apos;group_id&apos;, &apos;properties&apos;: {&apos;group_id&apos;: &apos;integer&apos;, &apos;name&apos;: {&apos;maxLenght&apos;: 20, &apos;type&apos;: &apos;string&apos;}}, &apos;type&apos;: &apos;object&apos;}, ...}.get
     +          where {&apos;Agent&apos;: {&apos;discriminator&apos;: &apos;agent_id&apos;, &apos;properties&apos;: {&apos;address&apos;: {&apos;maxLenght&apos;: 39, &apos;type&apos;: &apos;string&apos;}, &apos;agent_id&apos;: &apos;in...&apos;group_id&apos;, &apos;properties&apos;: {&apos;group_id&apos;: &apos;integer&apos;, &apos;name&apos;: {&apos;maxLenght&apos;: 20, &apos;type&apos;: &apos;string&apos;}}, &apos;type&apos;: &apos;object&apos;}, ...} = &lt;built-in method get of dict object at 0x7f76225e75f0&gt;(&apos;types&apos;)
     +            where &lt;built-in method get of dict object at 0x7f76225e75f0&gt; = {&apos;/agents&apos;: {&apos;/{id}&apos;: {&apos;delete&apos;: {&apos;description&apos;: &apos;Deleta um Agent&apos;, &apos;responses&apos;: {200: {&apos;body&apos;: {...}}, 401: {&apos;body&apos;: ...sage&quot;: &quot;Gravado&quot;}\n&apos;}}, 401: {&apos;body&apos;: {&apos;application/json&apos;: &apos;{&quot;error&quot;: &quot;Unauthorized&quot;}\n&apos;}}}, &apos;securedBy&apos;: &apos;JWT&apos;}}, ...}.get</failure></testcase><testcase classname="test_submit" file="test_submit.py" line="112" name="test_2465" time="0.0005900859832763672"><failure message="AttributeError: &apos;NoneType&apos; object has no attribute &apos;get&apos;">E   AttributeError: &apos;NoneType&apos; object has no attribute &apos;get&apos;</failure></testcase><testcase classname="test_submit" file="test_submit.py" line="120" name="test_2730" time="0.0005819797515869141"><failure message="AttributeError: &apos;NoneType&apos; object has no attribute &apos;get&apos;">E   AttributeError: &apos;NoneType&apos; object has no attribute &apos;get&apos;</failure></testcase><testcase classname="test_submit" file="test_submit.py" line="124" name="test_2620" time="0.0005435943603515625"><failure message="AttributeError: &apos;NoneType&apos; object has no attribute &apos;get&apos;">E   AttributeError: &apos;NoneType&apos; object has no attribute &apos;get&apos;</failure></testcase><testcase classname="test_submit" file="test_submit.py" line="128" name="test_2340" time="0.0006480216979980469"><failure message="AttributeError: &apos;NoneType&apos; object has no attribute &apos;get&apos;">E   AttributeError: &apos;NoneType&apos; object has no attribute &apos;get&apos;</failure></testcase><testcase classname="test_submit" file="test_submit.py" line="140" name="test_252" time="0.0005974769592285156"></testcase><testcase classname="test_submit" file="test_submit.py" line="144" name="test_1085" time="0.0004863739013671875"></testcase><testcase classname="test_submit" file="test_submit.py" line="152" name="test_1781" time="0.0006670951843261719"></testcase><testcase classname="test_submit" file="test_submit.py" line="160" name="test_2160" time="0.0006978511810302734"></testcase><testcase classname="test_submit" file="test_submit.py" line="168" name="test_2210" time="0.0010161399841308594"></testcase><testcase classname="test_submit" file="test_submit.py" line="172" name="test_2590" time="0.002550840377807617"><failure message="assert None
 +  where None = &lt;built-in method get of dict object at 0x7f7621979f00&gt;(&apos;shelved&apos;)
 +    where &lt;built-in method get of dict object at 0x7f7621979f00&gt; = {&apos;agent_id&apos;: &apos;integer&apos;, &apos;date&apos;: &apos;datetime-only&apos;, &apos;event_id&apos;: &apos;integer&apos;, &apos;level&apos;: {&apos;maxLenght&apos;: 20, &apos;type&apos;: &apos;string&apos;}, ...}.get
 +      where {&apos;agent_id&apos;: &apos;integer&apos;, &apos;date&apos;: &apos;datetime-only&apos;, &apos;event_id&apos;: &apos;integer&apos;, &apos;level&apos;: {&apos;maxLenght&apos;: 20, &apos;type&apos;: &apos;string&apos;}, ...} = &lt;built-in method get of dict object at 0x7f7621977c30&gt;(&apos;properties&apos;)
 +        where &lt;built-in method get of dict object at 0x7f7621977c30&gt; = {&apos;discriminator&apos;: &apos;event_id&apos;, &apos;properties&apos;: {&apos;agent_id&apos;: &apos;integer&apos;, &apos;date&apos;: &apos;datetime-only&apos;, &apos;event_id&apos;: &apos;integer&apos;, &apos;level&apos;: {&apos;maxLenght&apos;: 20, &apos;type&apos;: &apos;string&apos;}, ...}, &apos;type&apos;: &apos;object&apos;}.get
 +          where {&apos;discriminator&apos;: &apos;event_id&apos;, &apos;properties&apos;: {&apos;agent_id&apos;: &apos;integer&apos;, &apos;date&apos;: &apos;datetime-only&apos;, &apos;event_id&apos;: &apos;integer&apos;, &apos;level&apos;: {&apos;maxLenght&apos;: 20, &apos;type&apos;: &apos;string&apos;}, ...}, &apos;type&apos;: &apos;object&apos;} = &lt;built-in method get of dict object at 0x7f76222bf4b0&gt;(&apos;Event&apos;)
 +            where &lt;built-in method get of dict object at 0x7f76222bf4b0&gt; = {&apos;Agent&apos;: {&apos;discriminator&apos;: &apos;agent_id&apos;, &apos;properties&apos;: {&apos;address&apos;: {&apos;maxLenght&apos;: 39, &apos;type&apos;: &apos;string&apos;}, &apos;agent_id&apos;: &apos;in...&apos;group_id&apos;, &apos;properties&apos;: {&apos;group_id&apos;: &apos;integer&apos;, &apos;name&apos;: {&apos;maxLenght&apos;: 20, &apos;type&apos;: &apos;string&apos;}}, &apos;type&apos;: &apos;object&apos;}, ...}.get
 +              where {&apos;Agent&apos;: {&apos;discriminator&apos;: &apos;agent_id&apos;, &apos;properties&apos;: {&apos;address&apos;: {&apos;maxLenght&apos;: 39, &apos;type&apos;: &apos;string&apos;}, &apos;agent_id&apos;: &apos;in...&apos;group_id&apos;, &apos;properties&apos;: {&apos;group_id&apos;: &apos;integer&apos;, &apos;name&apos;: {&apos;maxLenght&apos;: 20, &apos;type&apos;: &apos;string&apos;}}, &apos;type&apos;: &apos;object&apos;}, ...} = &lt;built-in method get of dict object at 0x7f76225e75f0&gt;(&apos;types&apos;)
 +                where &lt;built-in method get of dict object at 0x7f76225e75f0&gt; = {&apos;/agents&apos;: {&apos;/{id}&apos;: {&apos;delete&apos;: {&apos;description&apos;: &apos;Deleta um Agent&apos;, &apos;responses&apos;: {200: {&apos;body&apos;: {...}}, 401: {&apos;body&apos;: ...sage&quot;: &quot;Gravado&quot;}\n&apos;}}, 401: {&apos;body&apos;: {&apos;application/json&apos;: &apos;{&quot;error&quot;: &quot;Unauthorized&quot;}\n&apos;}}}, &apos;securedBy&apos;: &apos;JWT&apos;}}, ...}.get">E   assert None
     +  where None = &lt;built-in method get of dict object at 0x7f7621979f00&gt;(&apos;shelved&apos;)
     +    where &lt;built-in method get of dict object at 0x7f7621979f00&gt; = {&apos;agent_id&apos;: &apos;integer&apos;, &apos;date&apos;: &apos;datetime-only&apos;, &apos;event_id&apos;: &apos;integer&apos;, &apos;level&apos;: {&apos;maxLenght&apos;: 20, &apos;type&apos;: &apos;string&apos;}, ...}.get
     +      where {&apos;agent_id&apos;: &apos;integer&apos;, &apos;date&apos;: &apos;datetime-only&apos;, &apos;event_id&apos;: &apos;integer&apos;, &apos;level&apos;: {&apos;maxLenght&apos;: 20, &apos;type&apos;: &apos;string&apos;}, ...} = &lt;built-in method get of dict object at 0x7f7621977c30&gt;(&apos;properties&apos;)
     +        where &lt;built-in method get of dict object at 0x7f7621977c30&gt; = {&apos;discriminator&apos;: &apos;event_id&apos;, &apos;properties&apos;: {&apos;agent_id&apos;: &apos;integer&apos;, &apos;date&apos;: &apos;datetime-only&apos;, &apos;event_id&apos;: &apos;integer&apos;, &apos;level&apos;: {&apos;maxLenght&apos;: 20, &apos;type&apos;: &apos;string&apos;}, ...}, &apos;type&apos;: &apos;object&apos;}.get
     +          where {&apos;discriminator&apos;: &apos;event_id&apos;, &apos;properties&apos;: {&apos;agent_id&apos;: &apos;integer&apos;, &apos;date&apos;: &apos;datetime-only&apos;, &apos;event_id&apos;: &apos;integer&apos;, &apos;level&apos;: {&apos;maxLenght&apos;: 20, &apos;type&apos;: &apos;string&apos;}, ...}, &apos;type&apos;: &apos;object&apos;} = &lt;built-in method get of dict object at 0x7f76222bf4b0&gt;(&apos;Event&apos;)
     +            where &lt;built-in method get of dict object at 0x7f76222bf4b0&gt; = {&apos;Agent&apos;: {&apos;discriminator&apos;: &apos;agent_id&apos;, &apos;properties&apos;: {&apos;address&apos;: {&apos;maxLenght&apos;: 39, &apos;type&apos;: &apos;string&apos;}, &apos;agent_id&apos;: &apos;in...&apos;group_id&apos;, &apos;properties&apos;: {&apos;group_id&apos;: &apos;integer&apos;, &apos;name&apos;: {&apos;maxLenght&apos;: 20, &apos;type&apos;: &apos;string&apos;}}, &apos;type&apos;: &apos;object&apos;}, ...}.get
     +              where {&apos;Agent&apos;: {&apos;discriminator&apos;: &apos;agent_id&apos;, &apos;properties&apos;: {&apos;address&apos;: {&apos;maxLenght&apos;: 39, &apos;type&apos;: &apos;string&apos;}, &apos;agent_id&apos;: &apos;in...&apos;group_id&apos;, &apos;properties&apos;: {&apos;group_id&apos;: &apos;integer&apos;, &apos;name&apos;: {&apos;maxLenght&apos;: 20, &apos;type&apos;: &apos;string&apos;}}, &apos;type&apos;: &apos;object&apos;}, ...} = &lt;built-in method get of dict object at 0x7f76225e75f0&gt;(&apos;types&apos;)
     +                where &lt;built-in method get of dict object at 0x7f76225e75f0&gt; = {&apos;/agents&apos;: {&apos;/{id}&apos;: {&apos;delete&apos;: {&apos;description&apos;: &apos;Deleta um Agent&apos;, &apos;responses&apos;: {200: {&apos;body&apos;: {...}}, 401: {&apos;body&apos;: ...sage&quot;: &quot;Gravado&quot;}\n&apos;}}, 401: {&apos;body&apos;: {&apos;application/json&apos;: &apos;{&quot;error&quot;: &quot;Unauthorized&quot;}\n&apos;}}}, &apos;securedBy&apos;: &apos;JWT&apos;}}, ...}.get</failure></testcase><testcase classname="test_submit" file="test_submit.py" line="184" name="test_2480" time="0.0008623600006103516"><failure message="AttributeError: &apos;NoneType&apos; object has no attribute &apos;get&apos;">E   AttributeError: &apos;NoneType&apos; object has no attribute &apos;get&apos;</failure></testcase><testcase classname="test_submit" file="test_submit.py" line="188" name="test_2020" time="0.0006947517395019531"><failure message="AttributeError: &apos;NoneType&apos; object has no attribute &apos;get&apos;">E   AttributeError: &apos;NoneType&apos; object has no attribute &apos;get&apos;</failure></testcase><testcase classname="test_submit" file="test_submit.py" line="192" name="test_2830" time="0.000522613525390625"><failure message="AttributeError: &apos;NoneType&apos; object has no attribute &apos;get&apos;">E   AttributeError: &apos;NoneType&apos; object has no attribute &apos;get&apos;</failure></testcase><testcase classname="test_submit" file="test_submit.py" line="196" name="test_2765" time="0.0005705356597900391"><failure message="AttributeError: &apos;NoneType&apos; object has no attribute &apos;get&apos;">E   AttributeError: &apos;NoneType&apos; object has no attribute &apos;get&apos;</failure></testcase><testcase classname="test_submit" file="test_submit.py" line="200" name="test_2055" time="0.0005984306335449219"><failure message="AttributeError: &apos;NoneType&apos; object has no attribute &apos;get&apos;">E   AttributeError: &apos;NoneType&apos; object has no attribute &apos;get&apos;</failure></testcase><testcase classname="test_submit" file="test_submit.py" line="204" name="test_764" time="0.0006701946258544922"></testcase><testcase classname="test_submit" file="test_submit.py" line="208" name="test_1742" time="0.0007481575012207031"></testcase><testcase classname="test_submit" file="test_submit.py" line="212" name="test_1643" time="0.0007402896881103516"></testcase><testcase classname="test_submit" file="test_submit.py" line="216" name="test_1790" time="0.0006895065307617188"></testcase><testcase classname="test_submit" file="test_submit.py" line="224" name="test_2015" time="0.0005521774291992188"></testcase><testcase classname="test_submit" file="test_submit.py" line="228" name="test_1232" time="0.0015583038330078125"><failure message="assert None
 +  where None = &lt;built-in method get of dict object at 0x7f7621977aa0&gt;(&apos;example&apos;)
 +    where &lt;built-in method get of dict object at 0x7f7621977aa0&gt; = {&apos;discriminator&apos;: &apos;group_id&apos;, &apos;properties&apos;: {&apos;group_id&apos;: &apos;integer&apos;, &apos;name&apos;: {&apos;maxLenght&apos;: 20, &apos;type&apos;: &apos;string&apos;}}, &apos;type&apos;: &apos;object&apos;}.get
 +      where {&apos;discriminator&apos;: &apos;group_id&apos;, &apos;properties&apos;: {&apos;group_id&apos;: &apos;integer&apos;, &apos;name&apos;: {&apos;maxLenght&apos;: 20, &apos;type&apos;: &apos;string&apos;}}, &apos;type&apos;: &apos;object&apos;} = &lt;built-in method get of dict object at 0x7f76222bf4b0&gt;(&apos;Group&apos;)
 +        where &lt;built-in method get of dict object at 0x7f76222bf4b0&gt; = {&apos;Agent&apos;: {&apos;discriminator&apos;: &apos;agent_id&apos;, &apos;properties&apos;: {&apos;address&apos;: {&apos;maxLenght&apos;: 39, &apos;type&apos;: &apos;string&apos;}, &apos;agent_id&apos;: &apos;in...&apos;group_id&apos;, &apos;properties&apos;: {&apos;group_id&apos;: &apos;integer&apos;, &apos;name&apos;: {&apos;maxLenght&apos;: 20, &apos;type&apos;: &apos;string&apos;}}, &apos;type&apos;: &apos;object&apos;}, ...}.get
 +          where {&apos;Agent&apos;: {&apos;discriminator&apos;: &apos;agent_id&apos;, &apos;properties&apos;: {&apos;address&apos;: {&apos;maxLenght&apos;: 39, &apos;type&apos;: &apos;string&apos;}, &apos;agent_id&apos;: &apos;in...&apos;group_id&apos;, &apos;properties&apos;: {&apos;group_id&apos;: &apos;integer&apos;, &apos;name&apos;: {&apos;maxLenght&apos;: 20, &apos;type&apos;: &apos;string&apos;}}, &apos;type&apos;: &apos;object&apos;}, ...} = &lt;built-in method get of dict object at 0x7f76225e75f0&gt;(&apos;types&apos;)
 +            where &lt;built-in method get of dict object at 0x7f76225e75f0&gt; = {&apos;/agents&apos;: {&apos;/{id}&apos;: {&apos;delete&apos;: {&apos;description&apos;: &apos;Deleta um Agent&apos;, &apos;responses&apos;: {200: {&apos;body&apos;: {...}}, 401: {&apos;body&apos;: ...sage&quot;: &quot;Gravado&quot;}\n&apos;}}, 401: {&apos;body&apos;: {&apos;application/json&apos;: &apos;{&quot;error&quot;: &quot;Unauthorized&quot;}\n&apos;}}}, &apos;securedBy&apos;: &apos;JWT&apos;}}, ...}.get">E   assert None
     +  where None = &lt;built-in method get of dict object at 0x7f7621977aa0&gt;(&apos;example&apos;)
     +    where &lt;built-in method get of dict object at 0x7f7621977aa0&gt; = {&apos;discriminator&apos;: &apos;group_id&apos;, &apos;properties&apos;: {&apos;group_id&apos;: &apos;integer&apos;, &apos;name&apos;: {&apos;maxLenght&apos;: 20, &apos;type&apos;: &apos;string&apos;}}, &apos;type&apos;: &apos;object&apos;}.get
     +      where {&apos;discriminator&apos;: &apos;group_id&apos;, &apos;properties&apos;: {&apos;group_id&apos;: &apos;integer&apos;, &apos;name&apos;: {&apos;maxLenght&apos;: 20, &apos;type&apos;: &apos;string&apos;}}, &apos;type&apos;: &apos;object&apos;} = &lt;built-in method get of dict object at 0x7f76222bf4b0&gt;(&apos;Group&apos;)
     +        where &lt;built-in method get of dict object at 0x7f76222bf4b0&gt; = {&apos;Agent&apos;: {&apos;discriminator&apos;: &apos;agent_id&apos;, &apos;properties&apos;: {&apos;address&apos;: {&apos;maxLenght&apos;: 39, &apos;type&apos;: &apos;string&apos;}, &apos;agent_id&apos;: &apos;in...&apos;group_id&apos;, &apos;properties&apos;: {&apos;group_id&apos;: &apos;integer&apos;, &apos;name&apos;: {&apos;maxLenght&apos;: 20, &apos;type&apos;: &apos;string&apos;}}, &apos;type&apos;: &apos;object&apos;}, ...}.get
     +          where {&apos;Agent&apos;: {&apos;discriminator&apos;: &apos;agent_id&apos;, &apos;properties&apos;: {&apos;address&apos;: {&apos;maxLenght&apos;: 39, &apos;type&apos;: &apos;string&apos;}, &apos;agent_id&apos;: &apos;in...&apos;group_id&apos;, &apos;properties&apos;: {&apos;group_id&apos;: &apos;integer&apos;, &apos;name&apos;: {&apos;maxLenght&apos;: 20, &apos;type&apos;: &apos;string&apos;}}, &apos;type&apos;: &apos;object&apos;}, ...} = &lt;built-in method get of dict object at 0x7f76225e75f0&gt;(&apos;types&apos;)
     +            where &lt;built-in method get of dict object at 0x7f76225e75f0&gt; = {&apos;/agents&apos;: {&apos;/{id}&apos;: {&apos;delete&apos;: {&apos;description&apos;: &apos;Deleta um Agent&apos;, &apos;responses&apos;: {200: {&apos;body&apos;: {...}}, 401: {&apos;body&apos;: ...sage&quot;: &quot;Gravado&quot;}\n&apos;}}, 401: {&apos;body&apos;: {&apos;application/json&apos;: &apos;{&quot;error&quot;: &quot;Unauthorized&quot;}\n&apos;}}}, &apos;securedBy&apos;: &apos;JWT&apos;}}, ...}.get</failure></testcase><testcase classname="test_submit" file="test_submit.py" line="232" name="test_2845" time="0.0006175041198730469"><failure message="AttributeError: &apos;NoneType&apos; object has no attribute &apos;get&apos;">E   AttributeError: &apos;NoneType&apos; object has no attribute &apos;get&apos;</failure></testcase><testcase classname="test_submit" file="test_submit.py" line="240" name="test_502" time="0.0005192756652832031"></testcase><testcase classname="test_submit" file="test_submit.py" line="244" name="test_1325" time="0.0004038810729980469"></testcase><testcase classname="test_submit" file="test_submit.py" line="248" name="test_1670" time="0.0007290840148925781"></testcase><testcase classname="test_submit" file="test_submit.py" line="252" name="test_1091" time="0.0007722377777099609"></testcase><testcase classname="test_submit" file="test_submit.py" line="256" name="test_2455" time="0.0009484291076660156"></testcase><testcase classname="test_submit" file="test_submit.py" line="260" name="test_2975" time="0.0008842945098876953"></testcase><testcase classname="test_submit" file="test_submit.py" line="264" name="test_2230" time="0.0005414485931396484"></testcase><testcase classname="test_submit" file="test_submit.py" line="272" name="test_2670" time="0.0019271373748779297"><failure message="assert None
 +  where None = &lt;built-in method get of dict object at 0x7f7621979b90&gt;(&apos;group_id&apos;)
 +    where &lt;built-in method get of dict object at 0x7f7621979b90&gt; = {&apos;email&apos;: {&apos;maxLenght&apos;: 254, &apos;type&apos;: &apos;string&apos;}, &apos;last_login&apos;: {&apos;type&apos;: &apos;date&apos;}, &apos;name&apos;: {&apos;maxLenght&apos;: 50, &apos;type&apos;: &apos;string&apos;}, &apos;password&apos;: {&apos;maxLenght&apos;: 50, &apos;type&apos;: &apos;string&apos;}, ...}.get
 +      where {&apos;email&apos;: {&apos;maxLenght&apos;: 254, &apos;type&apos;: &apos;string&apos;}, &apos;last_login&apos;: {&apos;type&apos;: &apos;date&apos;}, &apos;name&apos;: {&apos;maxLenght&apos;: 50, &apos;type&apos;: &apos;string&apos;}, &apos;password&apos;: {&apos;maxLenght&apos;: 50, &apos;type&apos;: &apos;string&apos;}, ...} = &lt;built-in method get of dict object at 0x7f76219778c0&gt;(&apos;properties&apos;)
 +        where &lt;built-in method get of dict object at 0x7f76219778c0&gt; = {&apos;discriminator&apos;: &apos;user_id&apos;, &apos;properties&apos;: {&apos;email&apos;: {&apos;maxLenght&apos;: 254, &apos;type&apos;: &apos;string&apos;}, &apos;last_login&apos;: {&apos;type&apos;: &apos;date&apos;}, &apos;name&apos;: {&apos;maxLenght&apos;: 50, &apos;type&apos;: &apos;string&apos;}, &apos;password&apos;: {&apos;maxLenght&apos;: 50, &apos;type&apos;: &apos;string&apos;}, ...}, &apos;type&apos;: &apos;object&apos;}.get
 +          where {&apos;discriminator&apos;: &apos;user_id&apos;, &apos;properties&apos;: {&apos;email&apos;: {&apos;maxLenght&apos;: 254, &apos;type&apos;: &apos;string&apos;}, &apos;last_login&apos;: {&apos;type&apos;: &apos;date&apos;}, &apos;name&apos;: {&apos;maxLenght&apos;: 50, &apos;type&apos;: &apos;string&apos;}, &apos;password&apos;: {&apos;maxLenght&apos;: 50, &apos;type&apos;: &apos;string&apos;}, ...}, &apos;type&apos;: &apos;object&apos;} = &lt;built-in method get of dict object at 0x7f76222bf4b0&gt;(&apos;User&apos;)
 +            where &lt;built-in method get of dict object at 0x7f76222bf4b0&gt; = {&apos;Agent&apos;: {&apos;discriminator&apos;: &apos;agent_id&apos;, &apos;properties&apos;: {&apos;address&apos;: {&apos;maxLenght&apos;: 39, &apos;type&apos;: &apos;string&apos;}, &apos;agent_id&apos;: &apos;in...&apos;group_id&apos;, &apos;properties&apos;: {&apos;group_id&apos;: &apos;integer&apos;, &apos;name&apos;: {&apos;maxLenght&apos;: 20, &apos;type&apos;: &apos;string&apos;}}, &apos;type&apos;: &apos;object&apos;}, ...}.get
 +              where {&apos;Agent&apos;: {&apos;discriminator&apos;: &apos;agent_id&apos;, &apos;properties&apos;: {&apos;address&apos;: {&apos;maxLenght&apos;: 39, &apos;type&apos;: &apos;string&apos;}, &apos;agent_id&apos;: &apos;in...&apos;group_id&apos;, &apos;properties&apos;: {&apos;group_id&apos;: &apos;integer&apos;, &apos;name&apos;: {&apos;maxLenght&apos;: 20, &apos;type&apos;: &apos;string&apos;}}, &apos;type&apos;: &apos;object&apos;}, ...} = &lt;built-in method get of dict object at 0x7f76225e75f0&gt;(&apos;types&apos;)
 +                where &lt;built-in method get of dict object at 0x7f76225e75f0&gt; = {&apos;/agents&apos;: {&apos;/{id}&apos;: {&apos;delete&apos;: {&apos;description&apos;: &apos;Deleta um Agent&apos;, &apos;responses&apos;: {200: {&apos;body&apos;: {...}}, 401: {&apos;body&apos;: ...sage&quot;: &quot;Gravado&quot;}\n&apos;}}, 401: {&apos;body&apos;: {&apos;application/json&apos;: &apos;{&quot;error&quot;: &quot;Unauthorized&quot;}\n&apos;}}}, &apos;securedBy&apos;: &apos;JWT&apos;}}, ...}.get">E   assert None
     +  where None = &lt;built-in method get of dict object at 0x7f7621979b90&gt;(&apos;group_id&apos;)
     +    where &lt;built-in method get of dict object at 0x7f7621979b90&gt; = {&apos;email&apos;: {&apos;maxLenght&apos;: 254, &apos;type&apos;: &apos;string&apos;}, &apos;last_login&apos;: {&apos;type&apos;: &apos;date&apos;}, &apos;name&apos;: {&apos;maxLenght&apos;: 50, &apos;type&apos;: &apos;string&apos;}, &apos;password&apos;: {&apos;maxLenght&apos;: 50, &apos;type&apos;: &apos;string&apos;}, ...}.get
     +      where {&apos;email&apos;: {&apos;maxLenght&apos;: 254, &apos;type&apos;: &apos;string&apos;}, &apos;last_login&apos;: {&apos;type&apos;: &apos;date&apos;}, &apos;name&apos;: {&apos;maxLenght&apos;: 50, &apos;type&apos;: &apos;string&apos;}, &apos;password&apos;: {&apos;maxLenght&apos;: 50, &apos;type&apos;: &apos;string&apos;}, ...} = &lt;built-in method get of dict object at 0x7f76219778c0&gt;(&apos;properties&apos;)
     +        where &lt;built-in method get of dict object at 0x7f76219778c0&gt; = {&apos;discriminator&apos;: &apos;user_id&apos;, &apos;properties&apos;: {&apos;email&apos;: {&apos;maxLenght&apos;: 254, &apos;type&apos;: &apos;string&apos;}, &apos;last_login&apos;: {&apos;type&apos;: &apos;date&apos;}, &apos;name&apos;: {&apos;maxLenght&apos;: 50, &apos;type&apos;: &apos;string&apos;}, &apos;password&apos;: {&apos;maxLenght&apos;: 50, &apos;type&apos;: &apos;string&apos;}, ...}, &apos;type&apos;: &apos;object&apos;}.get
     +          where {&apos;discriminator&apos;: &apos;user_id&apos;, &apos;properties&apos;: {&apos;email&apos;: {&apos;maxLenght&apos;: 254, &apos;type&apos;: &apos;string&apos;}, &apos;last_login&apos;: {&apos;type&apos;: &apos;date&apos;}, &apos;name&apos;: {&apos;maxLenght&apos;: 50, &apos;type&apos;: &apos;string&apos;}, &apos;password&apos;: {&apos;maxLenght&apos;: 50, &apos;type&apos;: &apos;string&apos;}, ...}, &apos;type&apos;: &apos;object&apos;} = &lt;built-in method get of dict object at 0x7f76222bf4b0&gt;(&apos;User&apos;)
     +            where &lt;built-in method get of dict object at 0x7f76222bf4b0&gt; = {&apos;Agent&apos;: {&apos;discriminator&apos;: &apos;agent_id&apos;, &apos;properties&apos;: {&apos;address&apos;: {&apos;maxLenght&apos;: 39, &apos;type&apos;: &apos;string&apos;}, &apos;agent_id&apos;: &apos;in...&apos;group_id&apos;, &apos;properties&apos;: {&apos;group_id&apos;: &apos;integer&apos;, &apos;name&apos;: {&apos;maxLenght&apos;: 20, &apos;type&apos;: &apos;string&apos;}}, &apos;type&apos;: &apos;object&apos;}, ...}.get
     +              where {&apos;Agent&apos;: {&apos;discriminator&apos;: &apos;agent_id&apos;, &apos;properties&apos;: {&apos;address&apos;: {&apos;maxLenght&apos;: 39, &apos;type&apos;: &apos;string&apos;}, &apos;agent_id&apos;: &apos;in...&apos;group_id&apos;, &apos;properties&apos;: {&apos;group_id&apos;: &apos;integer&apos;, &apos;name&apos;: {&apos;maxLenght&apos;: 20, &apos;type&apos;: &apos;string&apos;}}, &apos;type&apos;: &apos;object&apos;}, ...} = &lt;built-in method get of dict object at 0x7f76225e75f0&gt;(&apos;types&apos;)
     +                where &lt;built-in method get of dict object at 0x7f76225e75f0&gt; = {&apos;/agents&apos;: {&apos;/{id}&apos;: {&apos;delete&apos;: {&apos;description&apos;: &apos;Deleta um Agent&apos;, &apos;responses&apos;: {200: {&apos;body&apos;: {...}}, 401: {&apos;body&apos;: ...sage&quot;: &quot;Gravado&quot;}\n&apos;}}, 401: {&apos;body&apos;: {&apos;application/json&apos;: &apos;{&quot;error&quot;: &quot;Unauthorized&quot;}\n&apos;}}}, &apos;securedBy&apos;: &apos;JWT&apos;}}, ...}.get</failure></testcase><testcase classname="test_submit" file="test_submit.py" line="276" name="test_638" time="0.00045561790466308594"></testcase><testcase classname="test_submit" file="test_submit.py" line="280" name="test_1358" time="0.00044345855712890625"></testcase><testcase classname="test_submit" file="test_submit.py" line="288" name="test_2365" time="0.00046753883361816406"></testcase><testcase classname="test_submit" file="test_submit.py" line="292" name="test_2715" time="0.0004987716674804688"></testcase><testcase classname="test_submit" file="test_submit.py" line="300" name="test_1121" time="0.0006613731384277344"></testcase><testcase classname="test_submit" file="test_submit.py" line="304" name="test_2105" time="0.0004761219024658203"></testcase><testcase classname="test_submit" file="test_submit.py" line="308" name="test_2065" time="0.0004482269287109375"></testcase><testcase classname="test_submit" file="test_submit.py" line="312" name="test_2930" time="0.00042819976806640625"></testcase><testcase classname="test_submit" file="test_submit.py" line="316" name="test_2925" time="0.0009102821350097656"></testcase><testcase classname="test_submit" file="test_submit.py" line="320" name="test_746" time="0.0009877681732177734"></testcase><testcase classname="test_submit" file="test_submit.py" line="324" name="test_1442" time="0.0006263256072998047"></testcase><testcase classname="test_submit" file="test_submit.py" line="328" name="test_1826" time="0.0007054805755615234"></testcase><testcase classname="test_submit" file="test_submit.py" line="332" name="test_1382" time="0.0006275177001953125"></testcase><testcase classname="test_submit" file="test_submit.py" line="344" name="test_2290" time="0.0018236637115478516"><failure message="assert None
 +  where None = &lt;built-in method get of dict object at 0x7f762196c8c0&gt;(&apos;example&apos;)
 +    where &lt;built-in method get of dict object at 0x7f762196c8c0&gt; = {&apos;properties&apos;: None}.get
 +      where {&apos;properties&apos;: None} = &lt;built-in method get of dict object at 0x7f7621979140&gt;(&apos;application/json&apos;)
 +        where &lt;built-in method get of dict object at 0x7f7621979140&gt; = {&apos;application/json&apos;: {&apos;properties&apos;: None}}.get
 +          where {&apos;application/json&apos;: {&apos;properties&apos;: None}} = &lt;built-in method get of dict object at 0x7f7621979280&gt;(&apos;body&apos;)
 +            where &lt;built-in method get of dict object at 0x7f7621979280&gt; = {&apos;body&apos;: {&apos;application/json&apos;: {&apos;properties&apos;: None}}, &apos;description&apos;: &apos;Adiciona Agent&apos;, &apos;responses&apos;: {201: {&apos;body&apos;: {&apos;ap...le&apos;: &apos;{&quot;agent_id&quot;: 1}\n&apos;}}}, 401: {&apos;body&apos;: {&apos;application/json&apos;: &apos;{&quot;error&quot;: &quot;unauthorized&quot;}  \n&apos;}}}, &apos;securedBy&apos;: &apos;JWT&apos;}.get
 +              where {&apos;body&apos;: {&apos;application/json&apos;: {&apos;properties&apos;: None}}, &apos;description&apos;: &apos;Adiciona Agent&apos;, &apos;responses&apos;: {201: {&apos;body&apos;: {&apos;ap...le&apos;: &apos;{&quot;agent_id&quot;: 1}\n&apos;}}}, 401: {&apos;body&apos;: {&apos;application/json&apos;: &apos;{&quot;error&quot;: &quot;unauthorized&quot;}  \n&apos;}}}, &apos;securedBy&apos;: &apos;JWT&apos;} = &lt;built-in method get of dict object at 0x7f7621977f00&gt;(&apos;post&apos;)
 +                where &lt;built-in method get of dict object at 0x7f7621977f00&gt; = {&apos;/{id}&apos;: {&apos;delete&apos;: {&apos;description&apos;: &apos;Deleta um Agent&apos;, &apos;responses&apos;: {200: {&apos;body&apos;: {&apos;application/json&apos;: &apos;Agent&apos;}}, 40...e&apos;: &apos;{&quot;agent_id&quot;: 1}\n&apos;}}}, 401: {&apos;body&apos;: {&apos;application/json&apos;: &apos;{&quot;error&quot;: &quot;unauthorized&quot;}  \n&apos;}}}, &apos;securedBy&apos;: &apos;JWT&apos;}}.get
 +                  where {&apos;/{id}&apos;: {&apos;delete&apos;: {&apos;description&apos;: &apos;Deleta um Agent&apos;, &apos;responses&apos;: {200: {&apos;body&apos;: {&apos;application/json&apos;: &apos;Agent&apos;}}, 40...e&apos;: &apos;{&quot;agent_id&quot;: 1}\n&apos;}}}, 401: {&apos;body&apos;: {&apos;application/json&apos;: &apos;{&quot;error&quot;: &quot;unauthorized&quot;}  \n&apos;}}}, &apos;securedBy&apos;: &apos;JWT&apos;}} = &lt;built-in method get of dict object at 0x7f76225e75f0&gt;(&apos;/agents&apos;)
 +                    where &lt;built-in method get of dict object at 0x7f76225e75f0&gt; = {&apos;/agents&apos;: {&apos;/{id}&apos;: {&apos;delete&apos;: {&apos;description&apos;: &apos;Deleta um Agent&apos;, &apos;responses&apos;: {200: {&apos;body&apos;: {...}}, 401: {&apos;body&apos;: ...sage&quot;: &quot;Gravado&quot;}\n&apos;}}, 401: {&apos;body&apos;: {&apos;application/json&apos;: &apos;{&quot;error&quot;: &quot;Unauthorized&quot;}\n&apos;}}}, &apos;securedBy&apos;: &apos;JWT&apos;}}, ...}.get">E   assert None
     +  where None = &lt;built-in method get of dict object at 0x7f762196c8c0&gt;(&apos;example&apos;)
     +    where &lt;built-in method get of dict object at 0x7f762196c8c0&gt; = {&apos;properties&apos;: None}.get
     +      where {&apos;properties&apos;: None} = &lt;built-in method get of dict object at 0x7f7621979140&gt;(&apos;application/json&apos;)
     +        where &lt;built-in method get of dict object at 0x7f7621979140&gt; = {&apos;application/json&apos;: {&apos;properties&apos;: None}}.get
     +          where {&apos;application/json&apos;: {&apos;properties&apos;: None}} = &lt;built-in method get of dict object at 0x7f7621979280&gt;(&apos;body&apos;)
     +            where &lt;built-in method get of dict object at 0x7f7621979280&gt; = {&apos;body&apos;: {&apos;application/json&apos;: {&apos;properties&apos;: None}}, &apos;description&apos;: &apos;Adiciona Agent&apos;, &apos;responses&apos;: {201: {&apos;body&apos;: {&apos;ap...le&apos;: &apos;{&quot;agent_id&quot;: 1}\n&apos;}}}, 401: {&apos;body&apos;: {&apos;application/json&apos;: &apos;{&quot;error&quot;: &quot;unauthorized&quot;}  \n&apos;}}}, &apos;securedBy&apos;: &apos;JWT&apos;}.get
     +              where {&apos;body&apos;: {&apos;application/json&apos;: {&apos;properties&apos;: None}}, &apos;description&apos;: &apos;Adiciona Agent&apos;, &apos;responses&apos;: {201: {&apos;body&apos;: {&apos;ap...le&apos;: &apos;{&quot;agent_id&quot;: 1}\n&apos;}}}, 401: {&apos;body&apos;: {&apos;application/json&apos;: &apos;{&quot;error&quot;: &quot;unauthorized&quot;}  \n&apos;}}}, &apos;securedBy&apos;: &apos;JWT&apos;} = &lt;built-in method get of dict object at 0x7f7621977f00&gt;(&apos;post&apos;)
     +                where &lt;built-in method get of dict object at 0x7f7621977f00&gt; = {&apos;/{id}&apos;: {&apos;delete&apos;: {&apos;description&apos;: &apos;Deleta um Agent&apos;, &apos;responses&apos;: {200: {&apos;body&apos;: {&apos;application/json&apos;: &apos;Agent&apos;}}, 40...e&apos;: &apos;{&quot;agent_id&quot;: 1}\n&apos;}}}, 401: {&apos;body&apos;: {&apos;application/json&apos;: &apos;{&quot;error&quot;: &quot;unauthorized&quot;}  \n&apos;}}}, &apos;securedBy&apos;: &apos;JWT&apos;}}.get
     +                  where {&apos;/{id}&apos;: {&apos;delete&apos;: {&apos;description&apos;: &apos;Deleta um Agent&apos;, &apos;responses&apos;: {200: {&apos;body&apos;: {&apos;application/json&apos;: &apos;Agent&apos;}}, 40...e&apos;: &apos;{&quot;agent_id&quot;: 1}\n&apos;}}}, 401: {&apos;body&apos;: {&apos;application/json&apos;: &apos;{&quot;error&quot;: &quot;unauthorized&quot;}  \n&apos;}}}, &apos;securedBy&apos;: &apos;JWT&apos;}} = &lt;built-in method get of dict object at 0x7f76225e75f0&gt;(&apos;/agents&apos;)
     +                    where &lt;built-in method get of dict object at 0x7f76225e75f0&gt; = {&apos;/agents&apos;: {&apos;/{id}&apos;: {&apos;delete&apos;: {&apos;description&apos;: &apos;Deleta um Agent&apos;, &apos;responses&apos;: {200: {&apos;body&apos;: {...}}, 401: {&apos;body&apos;: ...sage&quot;: &quot;Gravado&quot;}\n&apos;}}, 401: {&apos;body&apos;: {&apos;application/json&apos;: &apos;{&quot;error&quot;: &quot;Unauthorized&quot;}\n&apos;}}}, &apos;securedBy&apos;: &apos;JWT&apos;}}, ...}.get</failure></testcase><testcase classname="test_submit" file="test_submit.py" line="348" name="test_1055" time="0.0006172657012939453"></testcase><testcase classname="test_submit" file="test_submit.py" line="356" name="test_2030" time="0.0007464885711669922"></testcase><testcase classname="test_submit" file="test_submit.py" line="364" name="test_2200" time="0.0006539821624755859"></testcase><testcase classname="test_submit" file="test_submit.py" line="368" name="test_916" time="0.0006690025329589844"></testcase><testcase classname="test_submit" file="test_submit.py" line="372" name="test_1409" time="0.0007627010345458984"></testcase><testcase classname="test_submit" file="test_submit.py" line="380" name="test_1292" time="0.0007402896881103516"></testcase><testcase classname="test_submit" file="test_submit.py" line="384" name="test_2530" time="0.0009984970092773438"></testcase><testcase classname="test_submit" file="test_submit.py" line="388" name="test_2140" time="0.0007107257843017578"></testcase><testcase classname="test_submit" file="test_submit.py" line="392" name="test_664" time="0.0009675025939941406"></testcase><testcase classname="test_submit" file="test_submit.py" line="396" name="test_1313" time="0.0005431175231933594"></testcase><testcase classname="test_submit" file="test_submit.py" line="400" name="test_2755" time="0.0004756450653076172"></testcase><testcase classname="test_submit" file="test_submit.py" line="404" name="test_2305" time="0.0005080699920654297"></testcase><testcase classname="test_submit" file="test_submit.py" line="412" name="test_2965" time="0.0004756450653076172"></testcase><testcase classname="test_submit" file="test_submit.py" line="416" name="test_2060" time="0.0004990100860595703"></testcase><testcase classname="test_submit" file="test_submit.py" line="420" name="test_2625" time="0.00047516822814941406"></testcase><testcase classname="test_submit" file="test_submit.py" line="424" name="test_1295" time="0.0005176067352294922"></testcase><testcase classname="test_submit" file="test_submit.py" line="432" name="test_2555" time="0.0006201267242431641"></testcase><testcase classname="test_submit" file="test_submit.py" line="436" name="test_2610" time="0.0006229877471923828"></testcase><testcase classname="test_submit" file="test_submit.py" line="444" name="test_2295" time="0.0010981559753417969"></testcase><testcase classname="test_submit" file="test_submit.py" line="448" name="test_2800" time="0.0010166168212890625"></testcase><testcase classname="test_submit" file="test_submit.py" line="452" name="test_1460" time="0.0010533332824707031"></testcase><testcase classname="test_submit" file="test_submit.py" line="456" name="test_2745" time="0.0005311965942382812"></testcase><testcase classname="test_submit" file="test_submit.py" line="464" name="test_2990" time="0.0004482269287109375"></testcase><testcase classname="test_submit" file="test_submit.py" line="476" name="test_2510" time="0.00043272972106933594"></testcase><testcase classname="test_submit" file="test_submit.py" line="480" name="test_934" time="0.0005326271057128906"></testcase><testcase classname="test_submit" file="test_submit.py" line="484" name="test_1130" time="0.00042557716369628906"></testcase><testcase classname="test_submit" file="test_submit.py" line="492" name="test_2810" time="0.00040602684020996094"></testcase><testcase classname="test_submit" file="test_submit.py" line="500" name="test_2695" time="0.0005340576171875"></testcase><testcase classname="test_submit" file="test_submit.py" line="508" name="test_2645" time="0.002689838409423828"><failure message="assert None
 +  where None = &lt;built-in method get of dict object at 0x7f762196cb90&gt;(201)
 +    where &lt;built-in method get of dict object at 0x7f762196cb90&gt; = {&apos;application/json&apos;: &apos;Event[]&apos;}.get
 +      where {&apos;application/json&apos;: &apos;Event[]&apos;} = &lt;built-in method get of dict object at 0x7f7621979410&gt;(&apos;body&apos;)
 +        where &lt;built-in method get of dict object at 0x7f7621979410&gt; = {&apos;body&apos;: {&apos;application/json&apos;: &apos;Event[]&apos;}, &apos;description&apos;: &apos;Adiciona evento&apos;, &apos;responses&apos;: {201: {&apos;body&apos;: {&apos;application/...{&quot;error&quot;: &quot;Unauthorized&quot;}\n&apos;}}, 404: {&apos;body&apos;: {&apos;application/json&apos;: &apos;{&quot;error&quot;: &quot;Bad Request&quot;}\n&apos;}}}, &apos;securedBy&apos;: &apos;JWT&apos;}.get
 +          where {&apos;body&apos;: {&apos;application/json&apos;: &apos;Event[]&apos;}, &apos;description&apos;: &apos;Adiciona evento&apos;, &apos;responses&apos;: {201: {&apos;body&apos;: {&apos;application/...{&quot;error&quot;: &quot;Unauthorized&quot;}\n&apos;}}, 404: {&apos;body&apos;: {&apos;application/json&apos;: &apos;{&quot;error&quot;: &quot;Bad Request&quot;}\n&apos;}}}, &apos;securedBy&apos;: &apos;JWT&apos;} = &lt;built-in method get of dict object at 0x7f76219791e0&gt;(&apos;post&apos;)
 +            where &lt;built-in method get of dict object at 0x7f76219791e0&gt; = {&apos;/{id}&apos;: {&apos;delete&apos;: {&apos;description&apos;: &apos;Remove um evento&apos;, &apos;responses&apos;: {200: {&apos;body&apos;: {&apos;application/json&apos;: &apos;{&quot;message&quot;:...r&quot;: &quot;Unauthorized&quot;}\n&apos;}}, 404: {&apos;body&apos;: {&apos;application/json&apos;: &apos;{&quot;error&quot;: &quot;Bad Request&quot;}\n&apos;}}}, &apos;securedBy&apos;: &apos;JWT&apos;}, ...}.get
 +              where {&apos;/{id}&apos;: {&apos;delete&apos;: {&apos;description&apos;: &apos;Remove um evento&apos;, &apos;responses&apos;: {200: {&apos;body&apos;: {&apos;application/json&apos;: &apos;{&quot;message&quot;:...r&quot;: &quot;Unauthorized&quot;}\n&apos;}}, 404: {&apos;body&apos;: {&apos;application/json&apos;: &apos;{&quot;error&quot;: &quot;Bad Request&quot;}\n&apos;}}}, &apos;securedBy&apos;: &apos;JWT&apos;}, ...} = &lt;built-in method get of dict object at 0x7f7621977f00&gt;(&apos;/{id}/events&apos;)
 +                where &lt;built-in method get of dict object at 0x7f7621977f00&gt; = {&apos;/{id}&apos;: {&apos;delete&apos;: {&apos;description&apos;: &apos;Deleta um Agent&apos;, &apos;responses&apos;: {200: {&apos;body&apos;: {&apos;application/json&apos;: &apos;Agent&apos;}}, 40...e&apos;: &apos;{&quot;agent_id&quot;: 1}\n&apos;}}}, 401: {&apos;body&apos;: {&apos;application/json&apos;: &apos;{&quot;error&quot;: &quot;unauthorized&quot;}  \n&apos;}}}, &apos;securedBy&apos;: &apos;JWT&apos;}}.get
 +                  where {&apos;/{id}&apos;: {&apos;delete&apos;: {&apos;description&apos;: &apos;Deleta um Agent&apos;, &apos;responses&apos;: {200: {&apos;body&apos;: {&apos;application/json&apos;: &apos;Agent&apos;}}, 40...e&apos;: &apos;{&quot;agent_id&quot;: 1}\n&apos;}}}, 401: {&apos;body&apos;: {&apos;application/json&apos;: &apos;{&quot;error&quot;: &quot;unauthorized&quot;}  \n&apos;}}}, &apos;securedBy&apos;: &apos;JWT&apos;}} = &lt;built-in method get of dict object at 0x7f76225e75f0&gt;(&apos;/agents&apos;)
 +                    where &lt;built-in method get of dict object at 0x7f76225e75f0&gt; = {&apos;/agents&apos;: {&apos;/{id}&apos;: {&apos;delete&apos;: {&apos;description&apos;: &apos;Deleta um Agent&apos;, &apos;responses&apos;: {200: {&apos;body&apos;: {...}}, 401: {&apos;body&apos;: ...sage&quot;: &quot;Gravado&quot;}\n&apos;}}, 401: {&apos;body&apos;: {&apos;application/json&apos;: &apos;{&quot;error&quot;: &quot;Unauthorized&quot;}\n&apos;}}}, &apos;securedBy&apos;: &apos;JWT&apos;}}, ...}.get">E   assert None
     +  where None = &lt;built-in method get of dict object at 0x7f762196cb90&gt;(201)
     +    where &lt;built-in method get of dict object at 0x7f762196cb90&gt; = {&apos;application/json&apos;: &apos;Event[]&apos;}.get
     +      where {&apos;application/json&apos;: &apos;Event[]&apos;} = &lt;built-in method get of dict object at 0x7f7621979410&gt;(&apos;body&apos;)
     +        where &lt;built-in method get of dict object at 0x7f7621979410&gt; = {&apos;body&apos;: {&apos;application/json&apos;: &apos;Event[]&apos;}, &apos;description&apos;: &apos;Adiciona evento&apos;, &apos;responses&apos;: {201: {&apos;body&apos;: {&apos;application/...{&quot;error&quot;: &quot;Unauthorized&quot;}\n&apos;}}, 404: {&apos;body&apos;: {&apos;application/json&apos;: &apos;{&quot;error&quot;: &quot;Bad Request&quot;}\n&apos;}}}, &apos;securedBy&apos;: &apos;JWT&apos;}.get
     +          where {&apos;body&apos;: {&apos;application/json&apos;: &apos;Event[]&apos;}, &apos;description&apos;: &apos;Adiciona evento&apos;, &apos;responses&apos;: {201: {&apos;body&apos;: {&apos;application/...{&quot;error&quot;: &quot;Unauthorized&quot;}\n&apos;}}, 404: {&apos;body&apos;: {&apos;application/json&apos;: &apos;{&quot;error&quot;: &quot;Bad Request&quot;}\n&apos;}}}, &apos;securedBy&apos;: &apos;JWT&apos;} = &lt;built-in method get of dict object at 0x7f76219791e0&gt;(&apos;post&apos;)
     +            where &lt;built-in method get of dict object at 0x7f76219791e0&gt; = {&apos;/{id}&apos;: {&apos;delete&apos;: {&apos;description&apos;: &apos;Remove um evento&apos;, &apos;responses&apos;: {200: {&apos;body&apos;: {&apos;application/json&apos;: &apos;{&quot;message&quot;:...r&quot;: &quot;Unauthorized&quot;}\n&apos;}}, 404: {&apos;body&apos;: {&apos;application/json&apos;: &apos;{&quot;error&quot;: &quot;Bad Request&quot;}\n&apos;}}}, &apos;securedBy&apos;: &apos;JWT&apos;}, ...}.get
     +              where {&apos;/{id}&apos;: {&apos;delete&apos;: {&apos;description&apos;: &apos;Remove um evento&apos;, &apos;responses&apos;: {200: {&apos;body&apos;: {&apos;application/json&apos;: &apos;{&quot;message&quot;:...r&quot;: &quot;Unauthorized&quot;}\n&apos;}}, 404: {&apos;body&apos;: {&apos;application/json&apos;: &apos;{&quot;error&quot;: &quot;Bad Request&quot;}\n&apos;}}}, &apos;securedBy&apos;: &apos;JWT&apos;}, ...} = &lt;built-in method get of dict object at 0x7f7621977f00&gt;(&apos;/{id}/events&apos;)
     +                where &lt;built-in method get of dict object at 0x7f7621977f00&gt; = {&apos;/{id}&apos;: {&apos;delete&apos;: {&apos;description&apos;: &apos;Deleta um Agent&apos;, &apos;responses&apos;: {200: {&apos;body&apos;: {&apos;application/json&apos;: &apos;Agent&apos;}}, 40...e&apos;: &apos;{&quot;agent_id&quot;: 1}\n&apos;}}}, 401: {&apos;body&apos;: {&apos;application/json&apos;: &apos;{&quot;error&quot;: &quot;unauthorized&quot;}  \n&apos;}}}, &apos;securedBy&apos;: &apos;JWT&apos;}}.get
     +                  where {&apos;/{id}&apos;: {&apos;delete&apos;: {&apos;description&apos;: &apos;Deleta um Agent&apos;, &apos;responses&apos;: {200: {&apos;body&apos;: {&apos;application/json&apos;: &apos;Agent&apos;}}, 40...e&apos;: &apos;{&quot;agent_id&quot;: 1}\n&apos;}}}, 401: {&apos;body&apos;: {&apos;application/json&apos;: &apos;{&quot;error&quot;: &quot;unauthorized&quot;}  \n&apos;}}}, &apos;securedBy&apos;: &apos;JWT&apos;}} = &lt;built-in method get of dict object at 0x7f76225e75f0&gt;(&apos;/agents&apos;)
     +                    where &lt;built-in method get of dict object at 0x7f76225e75f0&gt; = {&apos;/agents&apos;: {&apos;/{id}&apos;: {&apos;delete&apos;: {&apos;description&apos;: &apos;Deleta um Agent&apos;, &apos;responses&apos;: {200: {&apos;body&apos;: {...}}, 401: {&apos;body&apos;: ...sage&quot;: &quot;Gravado&quot;}\n&apos;}}, 401: {&apos;body&apos;: {&apos;application/json&apos;: &apos;{&quot;error&quot;: &quot;Unauthorized&quot;}\n&apos;}}}, &apos;securedBy&apos;: &apos;JWT&apos;}}, ...}.get</failure></testcase><testcase classname="test_submit" file="test_submit.py" line="512" name="test_2185" time="0.0021104812622070312"><failure message="assert None
 +  where None = &lt;built-in method get of dict object at 0x7f762196cb90&gt;(401)
 +    where &lt;built-in method get of dict object at 0x7f762196cb90&gt; = {&apos;application/json&apos;: &apos;Event[]&apos;}.get
 +      where {&apos;application/json&apos;: &apos;Event[]&apos;} = &lt;built-in method get of dict object at 0x7f7621979410&gt;(&apos;body&apos;)
 +        where &lt;built-in method get of dict object at 0x7f7621979410&gt; = {&apos;body&apos;: {&apos;application/json&apos;: &apos;Event[]&apos;}, &apos;description&apos;: &apos;Adiciona evento&apos;, &apos;responses&apos;: {201: {&apos;body&apos;: {&apos;application/...{&quot;error&quot;: &quot;Unauthorized&quot;}\n&apos;}}, 404: {&apos;body&apos;: {&apos;application/json&apos;: &apos;{&quot;error&quot;: &quot;Bad Request&quot;}\n&apos;}}}, &apos;securedBy&apos;: &apos;JWT&apos;}.get
 +          where {&apos;body&apos;: {&apos;application/json&apos;: &apos;Event[]&apos;}, &apos;description&apos;: &apos;Adiciona evento&apos;, &apos;responses&apos;: {201: {&apos;body&apos;: {&apos;application/...{&quot;error&quot;: &quot;Unauthorized&quot;}\n&apos;}}, 404: {&apos;body&apos;: {&apos;application/json&apos;: &apos;{&quot;error&quot;: &quot;Bad Request&quot;}\n&apos;}}}, &apos;securedBy&apos;: &apos;JWT&apos;} = &lt;built-in method get of dict object at 0x7f76219791e0&gt;(&apos;post&apos;)
 +            where &lt;built-in method get of dict object at 0x7f76219791e0&gt; = {&apos;/{id}&apos;: {&apos;delete&apos;: {&apos;description&apos;: &apos;Remove um evento&apos;, &apos;responses&apos;: {200: {&apos;body&apos;: {&apos;application/json&apos;: &apos;{&quot;message&quot;:...r&quot;: &quot;Unauthorized&quot;}\n&apos;}}, 404: {&apos;body&apos;: {&apos;application/json&apos;: &apos;{&quot;error&quot;: &quot;Bad Request&quot;}\n&apos;}}}, &apos;securedBy&apos;: &apos;JWT&apos;}, ...}.get
 +              where {&apos;/{id}&apos;: {&apos;delete&apos;: {&apos;description&apos;: &apos;Remove um evento&apos;, &apos;responses&apos;: {200: {&apos;body&apos;: {&apos;application/json&apos;: &apos;{&quot;message&quot;:...r&quot;: &quot;Unauthorized&quot;}\n&apos;}}, 404: {&apos;body&apos;: {&apos;application/json&apos;: &apos;{&quot;error&quot;: &quot;Bad Request&quot;}\n&apos;}}}, &apos;securedBy&apos;: &apos;JWT&apos;}, ...} = &lt;built-in method get of dict object at 0x7f7621977f00&gt;(&apos;/{id}/events&apos;)
 +                where &lt;built-in method get of dict object at 0x7f7621977f00&gt; = {&apos;/{id}&apos;: {&apos;delete&apos;: {&apos;description&apos;: &apos;Deleta um Agent&apos;, &apos;responses&apos;: {200: {&apos;body&apos;: {&apos;application/json&apos;: &apos;Agent&apos;}}, 40...e&apos;: &apos;{&quot;agent_id&quot;: 1}\n&apos;}}}, 401: {&apos;body&apos;: {&apos;application/json&apos;: &apos;{&quot;error&quot;: &quot;unauthorized&quot;}  \n&apos;}}}, &apos;securedBy&apos;: &apos;JWT&apos;}}.get
 +                  where {&apos;/{id}&apos;: {&apos;delete&apos;: {&apos;description&apos;: &apos;Deleta um Agent&apos;, &apos;responses&apos;: {200: {&apos;body&apos;: {&apos;application/json&apos;: &apos;Agent&apos;}}, 40...e&apos;: &apos;{&quot;agent_id&quot;: 1}\n&apos;}}}, 401: {&apos;body&apos;: {&apos;application/json&apos;: &apos;{&quot;error&quot;: &quot;unauthorized&quot;}  \n&apos;}}}, &apos;securedBy&apos;: &apos;JWT&apos;}} = &lt;built-in method get of dict object at 0x7f76225e75f0&gt;(&apos;/agents&apos;)
 +                    where &lt;built-in method get of dict object at 0x7f76225e75f0&gt; = {&apos;/agents&apos;: {&apos;/{id}&apos;: {&apos;delete&apos;: {&apos;description&apos;: &apos;Deleta um Agent&apos;, &apos;responses&apos;: {200: {&apos;body&apos;: {...}}, 401: {&apos;body&apos;: ...sage&quot;: &quot;Gravado&quot;}\n&apos;}}, 401: {&apos;body&apos;: {&apos;application/json&apos;: &apos;{&quot;error&quot;: &quot;Unauthorized&quot;}\n&apos;}}}, &apos;securedBy&apos;: &apos;JWT&apos;}}, ...}.get">E   assert None
     +  where None = &lt;built-in method get of dict object at 0x7f762196cb90&gt;(401)
     +    where &lt;built-in method get of dict object at 0x7f762196cb90&gt; = {&apos;application/json&apos;: &apos;Event[]&apos;}.get
     +      where {&apos;application/json&apos;: &apos;Event[]&apos;} = &lt;built-in method get of dict object at 0x7f7621979410&gt;(&apos;body&apos;)
     +        where &lt;built-in method get of dict object at 0x7f7621979410&gt; = {&apos;body&apos;: {&apos;application/json&apos;: &apos;Event[]&apos;}, &apos;description&apos;: &apos;Adiciona evento&apos;, &apos;responses&apos;: {201: {&apos;body&apos;: {&apos;application/...{&quot;error&quot;: &quot;Unauthorized&quot;}\n&apos;}}, 404: {&apos;body&apos;: {&apos;application/json&apos;: &apos;{&quot;error&quot;: &quot;Bad Request&quot;}\n&apos;}}}, &apos;securedBy&apos;: &apos;JWT&apos;}.get
     +          where {&apos;body&apos;: {&apos;application/json&apos;: &apos;Event[]&apos;}, &apos;description&apos;: &apos;Adiciona evento&apos;, &apos;responses&apos;: {201: {&apos;body&apos;: {&apos;application/...{&quot;error&quot;: &quot;Unauthorized&quot;}\n&apos;}}, 404: {&apos;body&apos;: {&apos;application/json&apos;: &apos;{&quot;error&quot;: &quot;Bad Request&quot;}\n&apos;}}}, &apos;securedBy&apos;: &apos;JWT&apos;} = &lt;built-in method get of dict object at 0x7f76219791e0&gt;(&apos;post&apos;)
     +            where &lt;built-in method get of dict object at 0x7f76219791e0&gt; = {&apos;/{id}&apos;: {&apos;delete&apos;: {&apos;description&apos;: &apos;Remove um evento&apos;, &apos;responses&apos;: {200: {&apos;body&apos;: {&apos;application/json&apos;: &apos;{&quot;message&quot;:...r&quot;: &quot;Unauthorized&quot;}\n&apos;}}, 404: {&apos;body&apos;: {&apos;application/json&apos;: &apos;{&quot;error&quot;: &quot;Bad Request&quot;}\n&apos;}}}, &apos;securedBy&apos;: &apos;JWT&apos;}, ...}.get
     +              where {&apos;/{id}&apos;: {&apos;delete&apos;: {&apos;description&apos;: &apos;Remove um evento&apos;, &apos;responses&apos;: {200: {&apos;body&apos;: {&apos;application/json&apos;: &apos;{&quot;message&quot;:...r&quot;: &quot;Unauthorized&quot;}\n&apos;}}, 404: {&apos;body&apos;: {&apos;application/json&apos;: &apos;{&quot;error&quot;: &quot;Bad Request&quot;}\n&apos;}}}, &apos;securedBy&apos;: &apos;JWT&apos;}, ...} = &lt;built-in method get of dict object at 0x7f7621977f00&gt;(&apos;/{id}/events&apos;)
     +                where &lt;built-in method get of dict object at 0x7f7621977f00&gt; = {&apos;/{id}&apos;: {&apos;delete&apos;: {&apos;description&apos;: &apos;Deleta um Agent&apos;, &apos;responses&apos;: {200: {&apos;body&apos;: {&apos;application/json&apos;: &apos;Agent&apos;}}, 40...e&apos;: &apos;{&quot;agent_id&quot;: 1}\n&apos;}}}, 401: {&apos;body&apos;: {&apos;application/json&apos;: &apos;{&quot;error&quot;: &quot;unauthorized&quot;}  \n&apos;}}}, &apos;securedBy&apos;: &apos;JWT&apos;}}.get
     +                  where {&apos;/{id}&apos;: {&apos;delete&apos;: {&apos;description&apos;: &apos;Deleta um Agent&apos;, &apos;responses&apos;: {200: {&apos;body&apos;: {&apos;application/json&apos;: &apos;Agent&apos;}}, 40...e&apos;: &apos;{&quot;agent_id&quot;: 1}\n&apos;}}}, 401: {&apos;body&apos;: {&apos;application/json&apos;: &apos;{&quot;error&quot;: &quot;unauthorized&quot;}  \n&apos;}}}, &apos;securedBy&apos;: &apos;JWT&apos;}} = &lt;built-in method get of dict object at 0x7f76225e75f0&gt;(&apos;/agents&apos;)
     +                    where &lt;built-in method get of dict object at 0x7f76225e75f0&gt; = {&apos;/agents&apos;: {&apos;/{id}&apos;: {&apos;delete&apos;: {&apos;description&apos;: &apos;Deleta um Agent&apos;, &apos;responses&apos;: {200: {&apos;body&apos;: {...}}, 401: {&apos;body&apos;: ...sage&quot;: &quot;Gravado&quot;}\n&apos;}}, 401: {&apos;body&apos;: {&apos;application/json&apos;: &apos;{&quot;error&quot;: &quot;Unauthorized&quot;}\n&apos;}}}, &apos;securedBy&apos;: &apos;JWT&apos;}}, ...}.get</failure></testcase><testcase classname="test_submit" file="test_submit.py" line="516" name="test_2580" time="0.0027151107788085938"><failure message="assert None
 +  where None = &lt;built-in method get of dict object at 0x7f762196cb90&gt;(404)
 +    where &lt;built-in method get of dict object at 0x7f762196cb90&gt; = {&apos;application/json&apos;: &apos;Event[]&apos;}.get
 +      where {&apos;application/json&apos;: &apos;Event[]&apos;} = &lt;built-in method get of dict object at 0x7f7621979410&gt;(&apos;body&apos;)
 +        where &lt;built-in method get of dict object at 0x7f7621979410&gt; = {&apos;body&apos;: {&apos;application/json&apos;: &apos;Event[]&apos;}, &apos;description&apos;: &apos;Adiciona evento&apos;, &apos;responses&apos;: {201: {&apos;body&apos;: {&apos;application/...{&quot;error&quot;: &quot;Unauthorized&quot;}\n&apos;}}, 404: {&apos;body&apos;: {&apos;application/json&apos;: &apos;{&quot;error&quot;: &quot;Bad Request&quot;}\n&apos;}}}, &apos;securedBy&apos;: &apos;JWT&apos;}.get
 +          where {&apos;body&apos;: {&apos;application/json&apos;: &apos;Event[]&apos;}, &apos;description&apos;: &apos;Adiciona evento&apos;, &apos;responses&apos;: {201: {&apos;body&apos;: {&apos;application/...{&quot;error&quot;: &quot;Unauthorized&quot;}\n&apos;}}, 404: {&apos;body&apos;: {&apos;application/json&apos;: &apos;{&quot;error&quot;: &quot;Bad Request&quot;}\n&apos;}}}, &apos;securedBy&apos;: &apos;JWT&apos;} = &lt;built-in method get of dict object at 0x7f76219791e0&gt;(&apos;post&apos;)
 +            where &lt;built-in method get of dict object at 0x7f76219791e0&gt; = {&apos;/{id}&apos;: {&apos;delete&apos;: {&apos;description&apos;: &apos;Remove um evento&apos;, &apos;responses&apos;: {200: {&apos;body&apos;: {&apos;application/json&apos;: &apos;{&quot;message&quot;:...r&quot;: &quot;Unauthorized&quot;}\n&apos;}}, 404: {&apos;body&apos;: {&apos;application/json&apos;: &apos;{&quot;error&quot;: &quot;Bad Request&quot;}\n&apos;}}}, &apos;securedBy&apos;: &apos;JWT&apos;}, ...}.get
 +              where {&apos;/{id}&apos;: {&apos;delete&apos;: {&apos;description&apos;: &apos;Remove um evento&apos;, &apos;responses&apos;: {200: {&apos;body&apos;: {&apos;application/json&apos;: &apos;{&quot;message&quot;:...r&quot;: &quot;Unauthorized&quot;}\n&apos;}}, 404: {&apos;body&apos;: {&apos;application/json&apos;: &apos;{&quot;error&quot;: &quot;Bad Request&quot;}\n&apos;}}}, &apos;securedBy&apos;: &apos;JWT&apos;}, ...} = &lt;built-in method get of dict object at 0x7f7621977f00&gt;(&apos;/{id}/events&apos;)
 +                where &lt;built-in method get of dict object at 0x7f7621977f00&gt; = {&apos;/{id}&apos;: {&apos;delete&apos;: {&apos;description&apos;: &apos;Deleta um Agent&apos;, &apos;responses&apos;: {200: {&apos;body&apos;: {&apos;application/json&apos;: &apos;Agent&apos;}}, 40...e&apos;: &apos;{&quot;agent_id&quot;: 1}\n&apos;}}}, 401: {&apos;body&apos;: {&apos;application/json&apos;: &apos;{&quot;error&quot;: &quot;unauthorized&quot;}  \n&apos;}}}, &apos;securedBy&apos;: &apos;JWT&apos;}}.get
 +                  where {&apos;/{id}&apos;: {&apos;delete&apos;: {&apos;description&apos;: &apos;Deleta um Agent&apos;, &apos;responses&apos;: {200: {&apos;body&apos;: {&apos;application/json&apos;: &apos;Agent&apos;}}, 40...e&apos;: &apos;{&quot;agent_id&quot;: 1}\n&apos;}}}, 401: {&apos;body&apos;: {&apos;application/json&apos;: &apos;{&quot;error&quot;: &quot;unauthorized&quot;}  \n&apos;}}}, &apos;securedBy&apos;: &apos;JWT&apos;}} = &lt;built-in method get of dict object at 0x7f76225e75f0&gt;(&apos;/agents&apos;)
 +                    where &lt;built-in method get of dict object at 0x7f76225e75f0&gt; = {&apos;/agents&apos;: {&apos;/{id}&apos;: {&apos;delete&apos;: {&apos;description&apos;: &apos;Deleta um Agent&apos;, &apos;responses&apos;: {200: {&apos;body&apos;: {...}}, 401: {&apos;body&apos;: ...sage&quot;: &quot;Gravado&quot;}\n&apos;}}, 401: {&apos;body&apos;: {&apos;application/json&apos;: &apos;{&quot;error&quot;: &quot;Unauthorized&quot;}\n&apos;}}}, &apos;securedBy&apos;: &apos;JWT&apos;}}, ...}.get">E   assert None
     +  where None = &lt;built-in method get of dict object at 0x7f762196cb90&gt;(404)
     +    where &lt;built-in method get of dict object at 0x7f762196cb90&gt; = {&apos;application/json&apos;: &apos;Event[]&apos;}.get
     +      where {&apos;application/json&apos;: &apos;Event[]&apos;} = &lt;built-in method get of dict object at 0x7f7621979410&gt;(&apos;body&apos;)
     +        where &lt;built-in method get of dict object at 0x7f7621979410&gt; = {&apos;body&apos;: {&apos;application/json&apos;: &apos;Event[]&apos;}, &apos;description&apos;: &apos;Adiciona evento&apos;, &apos;responses&apos;: {201: {&apos;body&apos;: {&apos;application/...{&quot;error&quot;: &quot;Unauthorized&quot;}\n&apos;}}, 404: {&apos;body&apos;: {&apos;application/json&apos;: &apos;{&quot;error&quot;: &quot;Bad Request&quot;}\n&apos;}}}, &apos;securedBy&apos;: &apos;JWT&apos;}.get
     +          where {&apos;body&apos;: {&apos;application/json&apos;: &apos;Event[]&apos;}, &apos;description&apos;: &apos;Adiciona evento&apos;, &apos;responses&apos;: {201: {&apos;body&apos;: {&apos;application/...{&quot;error&quot;: &quot;Unauthorized&quot;}\n&apos;}}, 404: {&apos;body&apos;: {&apos;application/json&apos;: &apos;{&quot;error&quot;: &quot;Bad Request&quot;}\n&apos;}}}, &apos;securedBy&apos;: &apos;JWT&apos;} = &lt;built-in method get of dict object at 0x7f76219791e0&gt;(&apos;post&apos;)
     +            where &lt;built-in method get of dict object at 0x7f76219791e0&gt; = {&apos;/{id}&apos;: {&apos;delete&apos;: {&apos;description&apos;: &apos;Remove um evento&apos;, &apos;responses&apos;: {200: {&apos;body&apos;: {&apos;application/json&apos;: &apos;{&quot;message&quot;:...r&quot;: &quot;Unauthorized&quot;}\n&apos;}}, 404: {&apos;body&apos;: {&apos;application/json&apos;: &apos;{&quot;error&quot;: &quot;Bad Request&quot;}\n&apos;}}}, &apos;securedBy&apos;: &apos;JWT&apos;}, ...}.get
     +              where {&apos;/{id}&apos;: {&apos;delete&apos;: {&apos;description&apos;: &apos;Remove um evento&apos;, &apos;responses&apos;: {200: {&apos;body&apos;: {&apos;application/json&apos;: &apos;{&quot;message&quot;:...r&quot;: &quot;Unauthorized&quot;}\n&apos;}}, 404: {&apos;body&apos;: {&apos;application/json&apos;: &apos;{&quot;error&quot;: &quot;Bad Request&quot;}\n&apos;}}}, &apos;securedBy&apos;: &apos;JWT&apos;}, ...} = &lt;built-in method get of dict object at 0x7f7621977f00&gt;(&apos;/{id}/events&apos;)
     +                where &lt;built-in method get of dict object at 0x7f7621977f00&gt; = {&apos;/{id}&apos;: {&apos;delete&apos;: {&apos;description&apos;: &apos;Deleta um Agent&apos;, &apos;responses&apos;: {200: {&apos;body&apos;: {&apos;application/json&apos;: &apos;Agent&apos;}}, 40...e&apos;: &apos;{&quot;agent_id&quot;: 1}\n&apos;}}}, 401: {&apos;body&apos;: {&apos;application/json&apos;: &apos;{&quot;error&quot;: &quot;unauthorized&quot;}  \n&apos;}}}, &apos;securedBy&apos;: &apos;JWT&apos;}}.get
     +                  where {&apos;/{id}&apos;: {&apos;delete&apos;: {&apos;description&apos;: &apos;Deleta um Agent&apos;, &apos;responses&apos;: {200: {&apos;body&apos;: {&apos;application/json&apos;: &apos;Agent&apos;}}, 40...e&apos;: &apos;{&quot;agent_id&quot;: 1}\n&apos;}}}, 401: {&apos;body&apos;: {&apos;application/json&apos;: &apos;{&quot;error&quot;: &quot;unauthorized&quot;}  \n&apos;}}}, &apos;securedBy&apos;: &apos;JWT&apos;}} = &lt;built-in method get of dict object at 0x7f76225e75f0&gt;(&apos;/agents&apos;)
     +                    where &lt;built-in method get of dict object at 0x7f76225e75f0&gt; = {&apos;/agents&apos;: {&apos;/{id}&apos;: {&apos;delete&apos;: {&apos;description&apos;: &apos;Deleta um Agent&apos;, &apos;responses&apos;: {200: {&apos;body&apos;: {...}}, 401: {&apos;body&apos;: ...sage&quot;: &quot;Gravado&quot;}\n&apos;}}, 401: {&apos;body&apos;: {&apos;application/json&apos;: &apos;{&quot;error&quot;: &quot;Unauthorized&quot;}\n&apos;}}}, &apos;securedBy&apos;: &apos;JWT&apos;}}, ...}.get</failure></testcase><testcase classname="test_submit" file="test_submit.py" line="520" name="test_1148" time="0.0007431507110595703"></testcase><testcase classname="test_submit" file="test_submit.py" line="524" name="test_2780" time="0.0005333423614501953"></testcase><testcase classname="test_submit" file="test_submit.py" line="528" name="test_2805" time="0.0004916191101074219"></testcase><testcase classname="test_submit" file="test_submit.py" line="532" name="test_2415" time="0.0005121231079101562"></testcase><testcase classname="test_submit" file="test_submit.py" line="536" name="test_2010" time="0.00047779083251953125"></testcase><testcase classname="test_submit" file="test_submit.py" line="540" name="test_2545" time="0.0006356239318847656"></testcase><testcase classname="test_submit" file="test_submit.py" line="544" name="test_2700" time="0.00041103363037109375"></testcase><testcase classname="test_submit" file="test_submit.py" line="548" name="test_1808" time="0.0004584789276123047"></testcase><testcase classname="test_submit" file="test_submit.py" line="552" name="test_2880" time="0.0007455348968505859"></testcase><testcase classname="test_submit" file="test_submit.py" line="556" name="test_2595" time="0.0010647773742675781"></testcase><testcase classname="test_submit" file="test_submit.py" line="560" name="test_2575" time="0.0010447502136230469"></testcase><testcase classname="test_submit" file="test_submit.py" line="568" name="test_2035" time="0.002759695053100586"><failure message="assert None
 +  where None = &lt;built-in method get of dict object at 0x7f762196cc30&gt;(200)
 +    where &lt;built-in method get of dict object at 0x7f762196cc30&gt; = {&apos;application/json&apos;: &apos;Event[]&apos;}.get
 +      where {&apos;application/json&apos;: &apos;Event[]&apos;} = &lt;built-in method get of dict object at 0x7f76219793c0&gt;(&apos;body&apos;)
 +        where &lt;built-in method get of dict object at 0x7f76219793c0&gt; = {&apos;body&apos;: {&apos;application/json&apos;: &apos;Event[]&apos;}, &apos;description&apos;: &apos;Modifica um evento&apos;, &apos;responses&apos;: {200: {&apos;body&apos;: {&apos;applicati...or&quot;: &quot;Unauthorized&quot;}\n&apos;}}, 404: {&apos;body&apos;: {&apos;application/json&apos;: &apos;{&quot;error&quot;: &quot;Bad Request&quot;}     \n&apos;}}}, &apos;securedBy&apos;: &apos;JWT&apos;}.get
 +          where {&apos;body&apos;: {&apos;application/json&apos;: &apos;Event[]&apos;}, &apos;description&apos;: &apos;Modifica um evento&apos;, &apos;responses&apos;: {200: {&apos;body&apos;: {&apos;applicati...or&quot;: &quot;Unauthorized&quot;}\n&apos;}}, 404: {&apos;body&apos;: {&apos;application/json&apos;: &apos;{&quot;error&quot;: &quot;Bad Request&quot;}     \n&apos;}}}, &apos;securedBy&apos;: &apos;JWT&apos;} = &lt;built-in method get of dict object at 0x7f76219791e0&gt;(&apos;put&apos;)
 +            where &lt;built-in method get of dict object at 0x7f76219791e0&gt; = {&apos;/{id}&apos;: {&apos;delete&apos;: {&apos;description&apos;: &apos;Remove um evento&apos;, &apos;responses&apos;: {200: {&apos;body&apos;: {&apos;application/json&apos;: &apos;{&quot;message&quot;:...r&quot;: &quot;Unauthorized&quot;}\n&apos;}}, 404: {&apos;body&apos;: {&apos;application/json&apos;: &apos;{&quot;error&quot;: &quot;Bad Request&quot;}\n&apos;}}}, &apos;securedBy&apos;: &apos;JWT&apos;}, ...}.get
 +              where {&apos;/{id}&apos;: {&apos;delete&apos;: {&apos;description&apos;: &apos;Remove um evento&apos;, &apos;responses&apos;: {200: {&apos;body&apos;: {&apos;application/json&apos;: &apos;{&quot;message&quot;:...r&quot;: &quot;Unauthorized&quot;}\n&apos;}}, 404: {&apos;body&apos;: {&apos;application/json&apos;: &apos;{&quot;error&quot;: &quot;Bad Request&quot;}\n&apos;}}}, &apos;securedBy&apos;: &apos;JWT&apos;}, ...} = &lt;built-in method get of dict object at 0x7f7621977f00&gt;(&apos;/{id}/events&apos;)
 +                where &lt;built-in method get of dict object at 0x7f7621977f00&gt; = {&apos;/{id}&apos;: {&apos;delete&apos;: {&apos;description&apos;: &apos;Deleta um Agent&apos;, &apos;responses&apos;: {200: {&apos;body&apos;: {&apos;application/json&apos;: &apos;Agent&apos;}}, 40...e&apos;: &apos;{&quot;agent_id&quot;: 1}\n&apos;}}}, 401: {&apos;body&apos;: {&apos;application/json&apos;: &apos;{&quot;error&quot;: &quot;unauthorized&quot;}  \n&apos;}}}, &apos;securedBy&apos;: &apos;JWT&apos;}}.get
 +                  where {&apos;/{id}&apos;: {&apos;delete&apos;: {&apos;description&apos;: &apos;Deleta um Agent&apos;, &apos;responses&apos;: {200: {&apos;body&apos;: {&apos;application/json&apos;: &apos;Agent&apos;}}, 40...e&apos;: &apos;{&quot;agent_id&quot;: 1}\n&apos;}}}, 401: {&apos;body&apos;: {&apos;application/json&apos;: &apos;{&quot;error&quot;: &quot;unauthorized&quot;}  \n&apos;}}}, &apos;securedBy&apos;: &apos;JWT&apos;}} = &lt;built-in method get of dict object at 0x7f76225e75f0&gt;(&apos;/agents&apos;)
 +                    where &lt;built-in method get of dict object at 0x7f76225e75f0&gt; = {&apos;/agents&apos;: {&apos;/{id}&apos;: {&apos;delete&apos;: {&apos;description&apos;: &apos;Deleta um Agent&apos;, &apos;responses&apos;: {200: {&apos;body&apos;: {...}}, 401: {&apos;body&apos;: ...sage&quot;: &quot;Gravado&quot;}\n&apos;}}, 401: {&apos;body&apos;: {&apos;application/json&apos;: &apos;{&quot;error&quot;: &quot;Unauthorized&quot;}\n&apos;}}}, &apos;securedBy&apos;: &apos;JWT&apos;}}, ...}.get">E   assert None
     +  where None = &lt;built-in method get of dict object at 0x7f762196cc30&gt;(200)
     +    where &lt;built-in method get of dict object at 0x7f762196cc30&gt; = {&apos;application/json&apos;: &apos;Event[]&apos;}.get
     +      where {&apos;application/json&apos;: &apos;Event[]&apos;} = &lt;built-in method get of dict object at 0x7f76219793c0&gt;(&apos;body&apos;)
     +        where &lt;built-in method get of dict object at 0x7f76219793c0&gt; = {&apos;body&apos;: {&apos;application/json&apos;: &apos;Event[]&apos;}, &apos;description&apos;: &apos;Modifica um evento&apos;, &apos;responses&apos;: {200: {&apos;body&apos;: {&apos;applicati...or&quot;: &quot;Unauthorized&quot;}\n&apos;}}, 404: {&apos;body&apos;: {&apos;application/json&apos;: &apos;{&quot;error&quot;: &quot;Bad Request&quot;}     \n&apos;}}}, &apos;securedBy&apos;: &apos;JWT&apos;}.get
     +          where {&apos;body&apos;: {&apos;application/json&apos;: &apos;Event[]&apos;}, &apos;description&apos;: &apos;Modifica um evento&apos;, &apos;responses&apos;: {200: {&apos;body&apos;: {&apos;applicati...or&quot;: &quot;Unauthorized&quot;}\n&apos;}}, 404: {&apos;body&apos;: {&apos;application/json&apos;: &apos;{&quot;error&quot;: &quot;Bad Request&quot;}     \n&apos;}}}, &apos;securedBy&apos;: &apos;JWT&apos;} = &lt;built-in method get of dict object at 0x7f76219791e0&gt;(&apos;put&apos;)
     +            where &lt;built-in method get of dict object at 0x7f76219791e0&gt; = {&apos;/{id}&apos;: {&apos;delete&apos;: {&apos;description&apos;: &apos;Remove um evento&apos;, &apos;responses&apos;: {200: {&apos;body&apos;: {&apos;application/json&apos;: &apos;{&quot;message&quot;:...r&quot;: &quot;Unauthorized&quot;}\n&apos;}}, 404: {&apos;body&apos;: {&apos;application/json&apos;: &apos;{&quot;error&quot;: &quot;Bad Request&quot;}\n&apos;}}}, &apos;securedBy&apos;: &apos;JWT&apos;}, ...}.get
[...]
     +  where None = &lt;built-in method get of dict object at 0x7f762196ccd0&gt;(401)
     +    where &lt;built-in method get of dict object at 0x7f762196ccd0&gt; = {&apos;application/json&apos;: &apos;Event[]&apos;}.get
     +      where {&apos;application/json&apos;: &apos;Event[]&apos;} = &lt;built-in method get of dict object at 0x7f7621979820&gt;(&apos;body&apos;)
     +        where &lt;built-in method get of dict object at 0x7f7621979820&gt; = {&apos;body&apos;: {&apos;application/json&apos;: &apos;Event[]&apos;}, &apos;description&apos;: &apos;Remove um evento&apos;, &apos;responses&apos;: {200: {&apos;body&apos;: {&apos;application...rized&quot;}\n&apos;}}, 404: {&apos;body&apos;: {&apos;application/json&apos;: &apos;{&quot;error&quot;: &quot;Bad Request&quot;}                  \n&apos;}}}, &apos;securedBy&apos;: &apos;JWT&apos;}.get
     +          where {&apos;body&apos;: {&apos;application/json&apos;: &apos;Event[]&apos;}, &apos;description&apos;: &apos;Remove um evento&apos;, &apos;responses&apos;: {200: {&apos;body&apos;: {&apos;application...rized&quot;}\n&apos;}}, 404: {&apos;body&apos;: {&apos;application/json&apos;: &apos;{&quot;error&quot;: &quot;Bad Request&quot;}                  \n&apos;}}}, &apos;securedBy&apos;: &apos;JWT&apos;} = &lt;built-in method get of dict object at 0x7f76219791e0&gt;(&apos;delete&apos;)
     +            where &lt;built-in method get of dict object at 0x7f76219791e0&gt; = {&apos;/{id}&apos;: {&apos;delete&apos;: {&apos;description&apos;: &apos;Remove um evento&apos;, &apos;responses&apos;: {200: {&apos;body&apos;: {&apos;application/json&apos;: &apos;{&quot;message&quot;:...r&quot;: &quot;Unauthorized&quot;}\n&apos;}}, 404: {&apos;body&apos;: {&apos;application/json&apos;: &apos;{&quot;error&quot;: &quot;Bad Request&quot;}\n&apos;}}}, &apos;securedBy&apos;: &apos;JWT&apos;}, ...}.get
     +              where {&apos;/{id}&apos;: {&apos;delete&apos;: {&apos;description&apos;: &apos;Remove um evento&apos;, &apos;responses&apos;: {200: {&apos;body&apos;: {&apos;application/json&apos;: &apos;{&quot;message&quot;:...r&quot;: &quot;Unauthorized&quot;}\n&apos;}}, 404: {&apos;body&apos;: {&apos;application/json&apos;: &apos;{&quot;error&quot;: &quot;Bad Request&quot;}\n&apos;}}}, &apos;securedBy&apos;: &apos;JWT&apos;}, ...} = &lt;built-in method get of dict object at 0x7f7621977f00&gt;(&apos;/{id}/events&apos;)
     +                where &lt;built-in method get of dict object at 0x7f7621977f00&gt; = {&apos;/{id}&apos;: {&apos;delete&apos;: {&apos;description&apos;: &apos;Deleta um Agent&apos;, &apos;responses&apos;: {200: {&apos;body&apos;: {&apos;application/json&apos;: &apos;Agent&apos;}}, 40...e&apos;: &apos;{&quot;agent_id&quot;: 1}\n&apos;}}}, 401: {&apos;body&apos;: {&apos;application/json&apos;: &apos;{&quot;error&quot;: &quot;unauthorized&quot;}  \n&apos;}}}, &apos;securedBy&apos;: &apos;JWT&apos;}}.get
     +                  where {&apos;/{id}&apos;: {&apos;delete&apos;: {&apos;description&apos;: &apos;Deleta um Agent&apos;, &apos;responses&apos;: {200: {&apos;body&apos;: {&apos;application/json&apos;: &apos;Agent&apos;}}, 40...e&apos;: &apos;{&quot;agent_id&quot;: 1}\n&apos;}}}, 401: {&apos;body&apos;: {&apos;application/json&apos;: &apos;{&quot;error&quot;: &quot;unauthorized&quot;}  \n&apos;}}}, &apos;securedBy&apos;: &apos;JWT&apos;}} = &lt;built-in method get of dict object at 0x7f76225e75f0&gt;(&apos;/agents&apos;)
     +                    where &lt;built-in method get of dict object at 0x7f76225e75f0&gt; = {&apos;/agents&apos;: {&apos;/{id}&apos;: {&apos;delete&apos;: {&apos;description&apos;: &apos;Deleta um Agent&apos;, &apos;responses&apos;: {200: {&apos;body&apos;: {...}}, 401: {&apos;body&apos;: ...sage&quot;: &quot;Gravado&quot;}\n&apos;}}, 401: {&apos;body&apos;: {&apos;application/json&apos;: &apos;{&quot;error&quot;: &quot;Unauthorized&quot;}\n&apos;}}}, &apos;securedBy&apos;: &apos;JWT&apos;}}, ...}.get</failure></testcase><testcase classname="test_submit" file="test_submit.py" line="612" name="test_486" time="0.0017545223236083984"></testcase><testcase classname="test_submit" file="test_submit.py" line="616" name="test_1172" time="0.0012416839599609375"></testcase><testcase classname="test_submit" file="test_submit.py" line="624" name="test_1910" time="0.0007002353668212891"></testcase><testcase classname="test_submit" file="test_submit.py" line="628" name="test_2440" time="0.0006005764007568359"></testcase><testcase classname="test_submit" file="test_submit.py" line="632" name="test_2650" time="0.0007014274597167969"></testcase><testcase classname="test_submit" file="test_submit.py" line="636" name="test_1610" time="0.0005862712860107422"></testcase><testcase classname="test_submit" file="test_submit.py" line="644" name="test_2025" time="0.0005738735198974609"></testcase><testcase classname="test_submit" file="test_submit.py" line="648" name="test_2875" time="0.0005955696105957031"></testcase><testcase classname="test_submit" file="test_submit.py" line="652" name="test_2775" time="0.0006363391876220703"></testcase><testcase classname="test_submit" file="test_submit.py" line="656" name="test_62" time="0.001192331314086914"></testcase><testcase classname="test_submit" file="test_submit.py" line="660" name="test_1160" time="0.00138092041015625"></testcase><testcase classname="test_submit" file="test_submit.py" line="664" name="test_1013" time="0.0006067752838134766"></testcase><testcase classname="test_submit" file="test_submit.py" line="672" name="test_2125" time="0.0005426406860351562"></testcase><testcase classname="test_submit" file="test_submit.py" line="676" name="test_2740" time="0.0010981559753417969"></testcase><testcase classname="test_submit" file="test_submit.py" line="684" name="test_1841" time="0.0008904933929443359"></testcase><testcase classname="test_submit" file="test_submit.py" line="688" name="test_2275" time="0.0008633136749267578"></testcase><testcase classname="test_submit" file="test_submit.py" line="692" name="test_2520" time="0.0005800724029541016"></testcase><testcase classname="test_submit" file="test_submit.py" line="696" name="test_2425" time="0.0004944801330566406"></testcase><testcase classname="test_submit" file="test_submit.py" line="700" name="test_2505" time="0.0013899803161621094"></testcase><testcase classname="test_submit" file="test_submit.py" line="704" name="test_2115" time="0.0010497570037841797"></testcase><testcase classname="test_submit" file="test_submit.py" line="708" name="test_2300" time="0.0005781650543212891"></testcase><testcase classname="test_submit" file="test_submit.py" line="712" name="test_1229" time="0.0005049705505371094"></testcase><testcase classname="test_submit" file="test_submit.py" line="716" name="test_2350" time="0.00048804283142089844"></testcase><testcase classname="test_submit" file="test_submit.py" line="720" name="test_2935" time="0.0005137920379638672"></testcase><testcase classname="test_submit" file="test_submit.py" line="724" name="test_2205" time="0.0008540153503417969"></testcase><testcase classname="test_submit" file="test_submit.py" line="732" name="test_2470" time="0.0008311271667480469"></testcase><testcase classname="test_submit" file="test_submit.py" line="736" name="test_2940" time="0.0010690689086914062"></testcase><testcase classname="test_submit" file="test_submit.py" line="740" name="test_1535" time="0.0008847713470458984"></testcase><testcase classname="test_submit" file="test_submit.py" line="748" name="test_2860" time="0.0008883476257324219"></testcase><testcase classname="test_submit" file="test_submit.py" line="752" name="test_2310" time="0.0007131099700927734"></testcase><testcase classname="test_submit" file="test_submit.py" line="756" name="test_2335" time="0.0004963874816894531"></testcase><testcase classname="test_submit" file="test_submit.py" line="760" name="test_2910" time="0.0005066394805908203"></testcase><testcase classname="test_submit" file="test_submit.py" line="764" name="test_2225" time="0.000492095947265625"></testcase><testcase classname="test_submit" file="test_submit.py" line="768" name="test_442" time="0.0005559921264648438"></testcase><testcase classname="test_submit" file="test_submit.py" line="772" name="test_1103" time="0.0005154609680175781"></testcase><testcase classname="test_submit" file="test_submit.py" line="776" name="test_1676" time="0.0005261898040771484"></testcase><testcase classname="test_submit" file="test_submit.py" line="780" name="test_1523" time="0.0005807876586914062"></testcase><testcase classname="test_submit" file="test_submit.py" line="784" name="test_2375" time="0.0014390945434570312"></testcase><testcase classname="test_submit" file="test_submit.py" line="788" name="test_2865" time="0.0017399787902832031"></testcase><testcase classname="test_submit" file="test_submit.py" line="792" name="test_2380" time="0.0034873485565185547"><failure message="assert None
 +  where None = &lt;built-in method get of dict object at 0x7f7621964550&gt;(&apos;example&apos;)
 +    where &lt;built-in method get of dict object at 0x7f7621964550&gt; = {&apos;properties&apos;: {&apos;name&apos;: {&apos;maxLenght&apos;: 20, &apos;type&apos;: &apos;string&apos;}}}.get
 +      where {&apos;properties&apos;: {&apos;name&apos;: {&apos;maxLenght&apos;: 20, &apos;type&apos;: &apos;string&apos;}}} = &lt;built-in method get of dict object at 0x7f7621979e60&gt;(&apos;application/json&apos;)
 +        where &lt;built-in method get of dict object at 0x7f7621979e60&gt; = {&apos;application/json&apos;: {&apos;properties&apos;: {&apos;name&apos;: {&apos;maxLenght&apos;: 20, &apos;type&apos;: &apos;string&apos;}}}}.get
 +          where {&apos;application/json&apos;: {&apos;properties&apos;: {&apos;name&apos;: {&apos;maxLenght&apos;: 20, &apos;type&apos;: &apos;string&apos;}}}} = &lt;built-in method get of dict object at 0x7f7621979870&gt;(&apos;body&apos;)
 +            where &lt;built-in method get of dict object at 0x7f7621979870&gt; = {&apos;body&apos;: {&apos;application/json&apos;: {&apos;properties&apos;: {&apos;name&apos;: {&apos;maxLenght&apos;: 20, &apos;type&apos;: &apos;string&apos;}}}}, &apos;description&apos;: &apos;Grava um...ication/json&apos;: &apos;{&quot;message&quot;: &quot;Gravado&quot;}\n&apos;}}, 401: {&apos;body&apos;: {&apos;application/json&apos;: &apos;{&quot;error&quot;: &quot;Unauthorized&quot;} \n&apos;}}}, ...}.get
 +              where {&apos;body&apos;: {&apos;application/json&apos;: {&apos;properties&apos;: {&apos;name&apos;: {&apos;maxLenght&apos;: 20, &apos;type&apos;: &apos;string&apos;}}}}, &apos;description&apos;: &apos;Grava um...ication/json&apos;: &apos;{&quot;message&quot;: &quot;Gravado&quot;}\n&apos;}}, 401: {&apos;body&apos;: {&apos;application/json&apos;: &apos;{&quot;error&quot;: &quot;Unauthorized&quot;} \n&apos;}}}, ...} = &lt;built-in method get of dict object at 0x7f7621977e10&gt;(&apos;post&apos;)
 +                where &lt;built-in method get of dict object at 0x7f7621977e10&gt; = {&apos;/{id}&apos;: {&apos;delete&apos;: {&apos;description&apos;: &apos;Deleta o grupo&apos;, &apos;responses&apos;: {200: {&apos;body&apos;: {&apos;application/json&apos;: &apos;{&quot;message&quot;: &quot;...n/json&apos;: &apos;{&quot;message&quot;: &quot;Gravado&quot;}\n&apos;}}, 401: {&apos;body&apos;: {&apos;application/json&apos;: &apos;{&quot;error&quot;: &quot;Unauthorized&quot;} \n&apos;}}}, ...}, ...}.get
 +                  where {&apos;/{id}&apos;: {&apos;delete&apos;: {&apos;description&apos;: &apos;Deleta o grupo&apos;, &apos;responses&apos;: {200: {&apos;body&apos;: {&apos;application/json&apos;: &apos;{&quot;message&quot;: &quot;...n/json&apos;: &apos;{&quot;message&quot;: &quot;Gravado&quot;}\n&apos;}}, 401: {&apos;body&apos;: {&apos;application/json&apos;: &apos;{&quot;error&quot;: &quot;Unauthorized&quot;} \n&apos;}}}, ...}, ...} = &lt;built-in method get of dict object at 0x7f76225e75f0&gt;(&apos;/groups&apos;)
 +                    where &lt;built-in method get of dict object at 0x7f76225e75f0&gt; = {&apos;/agents&apos;: {&apos;/{id}&apos;: {&apos;delete&apos;: {&apos;description&apos;: &apos;Deleta um Agent&apos;, &apos;responses&apos;: {200: {&apos;body&apos;: {...}}, 401: {&apos;body&apos;: ...sage&quot;: &quot;Gravado&quot;}\n&apos;}}, 401: {&apos;body&apos;: {&apos;application/json&apos;: &apos;{&quot;error&quot;: &quot;Unauthorized&quot;}\n&apos;}}}, &apos;securedBy&apos;: &apos;JWT&apos;}}, ...}.get">E   assert None
     +  where None = &lt;built-in method get of dict object at 0x7f7621964550&gt;(&apos;example&apos;)
     +    where &lt;built-in method get of dict object at 0x7f7621964550&gt; = {&apos;properties&apos;: {&apos;name&apos;: {&apos;maxLenght&apos;: 20, &apos;type&apos;: &apos;string&apos;}}}.get
     +      where {&apos;properties&apos;: {&apos;name&apos;: {&apos;maxLenght&apos;: 20, &apos;type&apos;: &apos;string&apos;}}} = &lt;built-in method get of dict object at 0x7f7621979e60&gt;(&apos;application/json&apos;)
     +        where &lt;built-in method get of dict object at 0x7f7621979e60&gt; = {&apos;application/json&apos;: {&apos;properties&apos;: {&apos;name&apos;: {&apos;maxLenght&apos;: 20, &apos;type&apos;: &apos;string&apos;}}}}.get
     +          where {&apos;application/json&apos;: {&apos;properties&apos;: {&apos;name&apos;: {&apos;maxLenght&apos;: 20, &apos;type&apos;: &apos;string&apos;}}}} = &lt;built-in method get of dict object at 0x7f7621979870&gt;(&apos;body&apos;)
     +            where &lt;built-in method get of dict object at 0x7f7621979870&gt; = {&apos;body&apos;: {&apos;application/json&apos;: {&apos;properties&apos;: {&apos;name&apos;: {&apos;maxLenght&apos;: 20, &apos;type&apos;: &apos;string&apos;}}}}, &apos;description&apos;: &apos;Grava um...ication/json&apos;: &apos;{&quot;message&quot;: &quot;Gravado&quot;}\n&apos;}}, 401: {&apos;body&apos;: {&apos;application/json&apos;: &apos;{&quot;error&quot;: &quot;Unauthorized&quot;} \n&apos;}}}, ...}.get
     +              where {&apos;body&apos;: {&apos;application/json&apos;: {&apos;properties&apos;: {&apos;name&apos;: {&apos;maxLenght&apos;: 20, &apos;type&apos;: &apos;string&apos;}}}}, &apos;description&apos;: &apos;Grava um...ication/json&apos;: &apos;{&quot;message&quot;: &quot;Gravado&quot;}\n&apos;}}, 401: {&apos;body&apos;: {&apos;application/json&apos;: &apos;{&quot;error&quot;: &quot;Unauthorized&quot;} \n&apos;}}}, ...} = &lt;built-in method get of dict object at 0x7f7621977e10&gt;(&apos;post&apos;)
     +                where &lt;built-in method get of dict object at 0x7f7621977e10&gt; = {&apos;/{id}&apos;: {&apos;delete&apos;: {&apos;description&apos;: &apos;Deleta o grupo&apos;, &apos;responses&apos;: {200: {&apos;body&apos;: {&apos;application/json&apos;: &apos;{&quot;message&quot;: &quot;...n/json&apos;: &apos;{&quot;message&quot;: &quot;Gravado&quot;}\n&apos;}}, 401: {&apos;body&apos;: {&apos;application/json&apos;: &apos;{&quot;error&quot;: &quot;Unauthorized&quot;} \n&apos;}}}, ...}, ...}.get
     +                  where {&apos;/{id}&apos;: {&apos;delete&apos;: {&apos;description&apos;: &apos;Deleta o grupo&apos;, &apos;responses&apos;: {200: {&apos;body&apos;: {&apos;application/json&apos;: &apos;{&quot;message&quot;: &quot;...n/json&apos;: &apos;{&quot;message&quot;: &quot;Gravado&quot;}\n&apos;}}, 401: {&apos;body&apos;: {&apos;application/json&apos;: &apos;{&quot;error&quot;: &quot;Unauthorized&quot;} \n&apos;}}}, ...}, ...} = &lt;built-in method get of dict object at 0x7f76225e75f0&gt;(&apos;/groups&apos;)
     +                    where &lt;built-in method get of dict object at 0x7f76225e75f0&gt; = {&apos;/agents&apos;: {&apos;/{id}&apos;: {&apos;delete&apos;: {&apos;description&apos;: &apos;Deleta um Agent&apos;, &apos;responses&apos;: {200: {&apos;body&apos;: {...}}, 401: {&apos;body&apos;: ...sage&quot;: &quot;Gravado&quot;}\n&apos;}}, 401: {&apos;body&apos;: {&apos;application/json&apos;: &apos;{&quot;error&quot;: &quot;Unauthorized&quot;}\n&apos;}}}, &apos;securedBy&apos;: &apos;JWT&apos;}}, ...}.get</failure></testcase><testcase classname="test_submit" file="test_submit.py" line="796" name="test_1538" time="0.0005655288696289062"></testcase><testcase classname="test_submit" file="test_submit.py" line="800" name="test_2705" time="0.0004909038543701172"></testcase><testcase classname="test_submit" file="test_submit.py" line="804" name="test_2145" time="0.001443624496459961"></testcase><testcase classname="test_submit" file="test_submit.py" line="808" name="test_2040" time="0.0012829303741455078"></testcase><testcase classname="test_submit" file="test_submit.py" line="812" name="test_458" time="0.0009362697601318359"></testcase><testcase classname="test_submit" file="test_submit.py" line="816" name="test_1046" time="0.0006103515625"></testcase><testcase classname="test_submit" file="test_submit.py" line="820" name="test_1457" time="0.0005388259887695312"></testcase><testcase classname="test_submit" file="test_submit.py" line="824" name="test_1757" time="0.0005328655242919922"></testcase><testcase classname="test_submit" file="test_submit.py" line="828" name="test_2900" time="0.000545501708984375"></testcase><testcase classname="test_submit" file="test_submit.py" line="832" name="test_2710" time="0.0004413127899169922"></testcase><testcase classname="test_submit" file="test_submit.py" line="836" name="test_2070" time="0.0004794597625732422"></testcase><testcase classname="test_submit" file="test_submit.py" line="840" name="test_2970" time="0.000469207763671875"></testcase><testcase classname="test_submit" file="test_submit.py" line="844" name="test_80" time="0.0011692047119140625"></testcase><testcase classname="test_submit" file="test_submit.py" line="848" name="test_1835" time="0.0010700225830078125"></testcase><testcase classname="test_submit" file="test_submit.py" line="852" name="test_2680" time="0.0005102157592773438"></testcase><testcase classname="test_submit" file="test_submit.py" line="856" name="test_2565" time="0.0004634857177734375"></testcase><testcase classname="test_submit" file="test_submit.py" line="860" name="test_2080" time="0.0005466938018798828"></testcase><testcase classname="test_submit" file="test_submit.py" line="864" name="test_2120" time="0.0009527206420898438"></testcase><testcase classname="test_submit" file="test_submit.py" line="868" name="test_2250" time="0.0006945133209228516"></testcase><testcase classname="test_submit" file="test_submit.py" line="872" name="test_2270" time="0.0005297660827636719"></testcase><testcase classname="test_submit" file="test_submit.py" line="876" name="test_1904" time="0.00048828125"></testcase><testcase classname="test_submit" file="test_submit.py" line="880" name="test_2130" time="0.0004773139953613281"></testcase><testcase classname="test_submit" file="test_submit.py" line="884" name="test_2630" time="0.0007221698760986328"></testcase><testcase classname="test_submit" file="test_submit.py" line="888" name="test_2525" time="0.0014026165008544922"></testcase><testcase classname="test_submit" file="test_submit.py" line="892" name="test_2405" time="0.0005688667297363281"></testcase><testcase classname="test_submit" file="test_submit.py" line="896" name="test_2255" time="0.0005285739898681641"></testcase><testcase classname="test_submit" file="test_submit.py" line="900" name="test_1577" time="0.0005166530609130859"></testcase><testcase classname="test_submit" file="test_submit.py" line="904" name="test_2090" time="0.0004913806915283203"></testcase><testcase classname="test_submit" file="test_submit.py" line="908" name="test_2960" time="0.0004794597625732422"></testcase><testcase classname="test_submit" file="test_submit.py" line="912" name="test_2260" time="0.0004742145538330078"></testcase></testsuite>