<?xml version="1.0" encoding="utf-8"?><testsuite errors="0" failures="0" name="pytest" skips="0" tests="7" time="0.052"><testcase classname="test_submit" file="test_submit.py" line="7" name="test_1" time="0.0008285045623779297"></testcase><testcase classname="test_submit" file="test_submit.py" line="11" name="test_2" time="0.0005383491516113281"></testcase><testcase classname="test_submit" file="test_submit.py" line="15" name="test_3" time="0.0005588531494140625"></testcase><testcase classname="test_submit" file="test_submit.py" line="19" name="test_4" time="0.0005209445953369141"></testcase><testcase classname="test_submit" file="test_submit.py" line="23" name="test_5" time="0.00048160552978515625"></testcase><testcase classname="test_submit" file="test_submit.py" line="27" name="test_6" time="0.0005443096160888672"></testcase><testcase classname="test_submit" file="test_submit.py" line="31" name="test_7" time="0.0005598068237304688"></testcase></testsuite>