<?xml version="1.0" encoding="utf-8"?><testsuite errors="0" failures="0" name="pytest" skips="0" tests="3" time="5.843"><testcase classname="test_main" file="test_main.py" line="14" name="test_get_temperature_by_lat_lng[-14.235004--51.92528-62-16]" time="3.230374574661255"></testcase><testcase classname="test_main" file="test_main.py" line="14" name="test_get_temperature_by_lat_lng[64.2008-149.4937-55-11]" time="0.9329228401184082"></testcase><testcase classname="test_main" file="test_main.py" line="19" name="test_get_temperature_by_lat_lng_fail[0-0-0-0]" time="1.6154086589813232"></testcase></testsuite>