<?xml version="1.0" encoding="utf-8"?><testsuite errors="0" failures="0" name="pytest" skips="0" tests="7" time="0.499"><testcase classname="test_submit.TestChallenge10" file="test_submit.py" line="52" name="test_1" time="0.0272061824798584"></testcase><testcase classname="test_submit.TestChallenge10" file="test_submit.py" line="59" name="test_2" time="0.04336905479431152"></testcase><testcase classname="test_submit.TestChallenge10" file="test_submit.py" line="63" name="test_3" time="0.04069781303405762"></testcase><testcase classname="test_submit.TestChallenge10" file="test_submit.py" line="67" name="test_4" time="0.05247235298156738"></testcase><testcase classname="test_submit.TestChallenge10" file="test_submit.py" line="74" name="test_5" time="0.03983807563781738"></testcase><testcase classname="test_submit.TestChallenge10" file="test_submit.py" line="82" name="test_6" time="0.04102277755737305"></testcase><testcase classname="test_submit.TestChallenge10" file="test_submit.py" line="89" name="test_7" time="0.03717350959777832"></testcase></testsuite>